2022-07-19 11:15:01,088 - __main__ - INFO - Token value: Token not available!
2022-07-19 11:15:01,760 - __main__ - INFO - Weather in Berlin: 30.32
2022-07-19 10:09:58,525 - __main__ - INFO - Token value: 1234
2022-07-19 10:09:58,949 - __main__ - INFO - Weather in Berlin: 32.56
2022-07-19 12:17:50,405 - __main__ - INFO - Token value: 1234
2022-07-19 12:17:50,875 - __main__ - INFO - Weather in Berlin: 33.66
2022-07-19 14:09:00,868 - __main__ - INFO - Token value: 1234
2022-07-19 14:09:01,435 - __main__ - INFO - Weather in Berlin: 34.86
2022-07-19 16:12:16,906 - __main__ - INFO - Token value: 1234
2022-07-19 16:12:17,306 - __main__ - INFO - Weather in Berlin: 34.28
2022-07-19 18:10:53,682 - __main__ - INFO - Token value: 1234
2022-07-19 18:10:53,844 - __main__ - INFO - Weather in Berlin: 31.9
2022-07-19 20:09:35,027 - __main__ - INFO - Token value: 1234
2022-07-19 20:09:35,139 - __main__ - INFO - Weather in Berlin: 27.52
2022-07-19 22:09:04,334 - __main__ - INFO - Token value: 1234
2022-07-19 22:09:04,912 - __main__ - INFO - Weather in Berlin: 25.4
2022-07-20 00:46:12,649 - __main__ - INFO - Token value: 1234
2022-07-20 00:46:13,296 - __main__ - INFO - Weather in Berlin: 24.18
2022-07-20 03:36:18,748 - __main__ - INFO - Token value: 1234
2022-07-20 03:36:18,916 - __main__ - INFO - Weather in Berlin: 22.12
2022-07-20 04:30:43,477 - __main__ - INFO - Token value: 1234
2022-07-20 04:30:43,776 - __main__ - INFO - Weather in Berlin: 21.64
2022-07-20 06:11:40,340 - __main__ - INFO - Token value: 1234
2022-07-20 06:11:41,194 - __main__ - INFO - Weather in Berlin: 24.95
2022-07-20 08:12:25,109 - __main__ - INFO - Token value: 1234
2022-07-20 08:12:25,397 - __main__ - INFO - Weather in Berlin: 30.85
2022-07-20 10:09:27,874 - __main__ - INFO - Token value: 1234
2022-07-20 10:09:28,041 - __main__ - INFO - Weather in Berlin: 35.42
2022-07-20 12:16:14,801 - __main__ - INFO - Token value: 1234
2022-07-20 12:16:15,447 - __main__ - INFO - Weather in Berlin: 36.64
2022-07-20 14:10:42,143 - __main__ - INFO - Token value: 1234
2022-07-20 14:10:42,285 - __main__ - INFO - Weather in Berlin: 37.34
2022-07-20 16:11:32,101 - __main__ - INFO - Token value: 1234
2022-07-20 16:11:32,270 - __main__ - INFO - Weather in Berlin: 36.32
2022-07-20 18:11:08,871 - __main__ - INFO - Token value: 1234
2022-07-20 18:11:09,450 - __main__ - INFO - Weather in Berlin: 35.75
2022-07-20 20:10:07,208 - __main__ - INFO - Token value: 1234
2022-07-20 20:10:07,807 - __main__ - INFO - Weather in Berlin: 29.16
2022-07-20 22:08:32,880 - __main__ - INFO - Token value: 1234
2022-07-20 22:08:33,309 - __main__ - INFO - Weather in Berlin: 27.72
2022-07-21 00:51:04,670 - __main__ - INFO - Token value: 1234
2022-07-21 00:51:04,945 - __main__ - INFO - Weather in Berlin: 25.62
2022-07-21 03:32:21,183 - __main__ - INFO - Token value: 1234
2022-07-21 03:32:21,622 - __main__ - INFO - Weather in Berlin: 24.17
2022-07-21 04:33:49,059 - __main__ - INFO - Token value: 1234
2022-07-21 04:33:49,712 - __main__ - INFO - Weather in Berlin: 23.8
2022-07-21 06:11:40,676 - __main__ - INFO - Token value: 1234
2022-07-21 06:11:41,078 - __main__ - INFO - Weather in Berlin: 24.1
2022-07-21 08:11:51,774 - __main__ - INFO - Token value: 1234
2022-07-21 08:11:51,925 - __main__ - INFO - Weather in Berlin: 26.61
2022-07-21 10:10:48,231 - __main__ - INFO - Token value: 1234
2022-07-21 10:10:48,658 - __main__ - INFO - Weather in Berlin: 29.39
2022-07-21 12:16:51,452 - __main__ - INFO - Token value: 1234
2022-07-21 12:16:52,210 - __main__ - INFO - Weather in Berlin: 29.02
2022-07-21 14:10:13,059 - __main__ - INFO - Token value: 1234
2022-07-21 14:10:13,760 - __main__ - INFO - Weather in Berlin: 24.62
2022-07-21 16:11:48,481 - __main__ - INFO - Token value: 1234
2022-07-21 16:11:49,254 - __main__ - INFO - Weather in Berlin: 24.51
2022-07-21 18:11:19,590 - __main__ - INFO - Token value: 1234
2022-07-21 18:11:19,965 - __main__ - INFO - Weather in Berlin: 25.79
2022-07-21 20:10:30,244 - __main__ - INFO - Token value: 1234
2022-07-21 20:10:30,328 - __main__ - INFO - Weather in Berlin: 22.77
2022-07-25 00:44:39,700 - __main__ - INFO - Token value: 1234
2022-07-25 00:44:40,082 - __main__ - INFO - Weather in Berlin: 19.9
2022-08-01 00:54:12,206 - __main__ - INFO - Token value: 1234
2022-08-01 00:54:12,694 - __main__ - INFO - Weather in Berlin: 20.23
2022-08-08 00:40:42,506 - __main__ - INFO - Token value: 1234
2022-08-08 00:40:42,610 - __main__ - INFO - Weather in Berlin: 16.92
2022-08-15 00:44:48,218 - __main__ - INFO - Token value: 1234
2022-08-15 00:44:48,828 - __main__ - INFO - Weather in Berlin: 22.05
2022-08-22 00:46:22,483 - __main__ - INFO - Token value: 1234
2022-08-22 00:46:22,604 - __main__ - INFO - Weather in Berlin: 16.54
2022-08-29 00:51:03,885 - __main__ - INFO - Token value: 1234
2022-08-29 00:51:04,463 - __main__ - INFO - Weather in Berlin: 13.61
2022-09-05 00:54:44,539 - __main__ - INFO - Token value: 1234
2022-09-05 00:54:45,065 - __main__ - INFO - Weather in Berlin: 15.8
2022-09-12 00:48:56,255 - __main__ - INFO - Token value: 1234
2022-09-12 00:48:56,362 - __main__ - INFO - Weather in Berlin: 12.68
2022-09-19 00:51:28,986 - __main__ - INFO - Token value: 1234
2022-09-19 00:51:29,073 - __main__ - INFO - Weather in Berlin: 8.79
2022-09-26 00:54:36,285 - __main__ - INFO - Token value: 1234
2022-09-26 00:54:36,670 - __main__ - INFO - Weather in Berlin: 11.75
2022-10-03 00:53:53,511 - __main__ - INFO - Token value: 1234
2022-10-03 00:53:54,115 - __main__ - INFO - Weather in Berlin: 11.07
2022-10-10 00:59:22,592 - __main__ - INFO - Token value: 1234
2022-10-10 00:59:22,684 - __main__ - INFO - Weather in Berlin: 7.73
2022-10-17 01:03:34,041 - __main__ - INFO - Token value: 1234
2022-10-17 01:03:34,808 - __main__ - INFO - Weather in Berlin: 13.02
2022-10-24 01:05:23,964 - __main__ - INFO - Token value: 1234
2022-10-24 01:05:24,197 - __main__ - INFO - Weather in Berlin: 13.27
2022-10-31 00:56:50,347 - __main__ - INFO - Token value: 1234
2022-10-31 00:56:50,781 - __main__ - INFO - Weather in Berlin: 13.45
2022-11-07 00:46:30,914 - __main__ - INFO - Token value: 1234
2022-11-07 00:46:31,482 - __main__ - INFO - Weather in Berlin: 6.9
2022-11-14 00:42:53,014 - __main__ - INFO - Token value: 1234
2022-11-14 00:42:53,136 - __main__ - INFO - Weather in Berlin: 6.58
2022-11-21 00:44:54,383 - __main__ - INFO - Token value: 1234
2022-11-21 00:44:54,891 - __main__ - INFO - Weather in Berlin: -1.89
2022-11-28 00:38:10,868 - __main__ - INFO - Token value: 1234
2022-11-28 00:38:10,962 - __main__ - INFO - Weather in Berlin: 4.03
2022-12-05 00:37:36,747 - __main__ - INFO - Token value: 1234
2022-12-05 00:37:37,346 - __main__ - INFO - Weather in Berlin: 2.48
2022-12-12 00:40:48,194 - __main__ - INFO - Token value: 1234
2022-12-12 00:40:48,347 - __main__ - INFO - Weather in Berlin: -1.51
2022-12-19 00:34:22,668 - __main__ - INFO - Token value: 1234
2022-12-19 00:34:23,349 - __main__ - INFO - Weather in Berlin: -4.73
2022-12-26 00:37:57,455 - __main__ - INFO - Token value: 1234
2022-12-26 00:37:58,555 - __main__ - INFO - Weather in Berlin: 8.58
2023-01-02 00:37:45,571 - __main__ - INFO - Token value: 1234
2023-01-02 00:37:46,198 - __main__ - INFO - Weather in Berlin: 11.86
2023-01-09 00:37:48,669 - __main__ - INFO - Token value: 1234
2023-01-09 00:37:49,006 - __main__ - INFO - Weather in Berlin: 5.01
2023-01-16 00:38:39,973 - __main__ - INFO - Token value: 1234
2023-01-16 00:38:40,358 - __main__ - INFO - Weather in Berlin: 4.9
2023-01-23 00:37:11,897 - __main__ - INFO - Token value: 1234
2023-01-23 00:37:12,431 - __main__ - INFO - Weather in Berlin: 1.65
2023-01-30 00:35:30,776 - __main__ - INFO - Token value: 1234
2023-01-30 00:35:31,351 - __main__ - INFO - Weather in Berlin: 1.63
2023-02-06 00:37:40,919 - __main__ - INFO - Token value: 1234
2023-02-06 00:37:41,397 - __main__ - INFO - Weather in Berlin: -2.01
2023-02-13 00:41:55,645 - __main__ - INFO - Token value: 1234
2023-02-13 00:41:56,334 - __main__ - INFO - Weather in Berlin: 7.16
2023-02-20 00:42:40,136 - __main__ - INFO - Token value: 1234
2023-02-20 00:42:40,714 - __main__ - INFO - Weather in Berlin: 2.39
2023-02-27 00:41:12,914 - __main__ - INFO - Token value: 1234
2023-02-27 00:41:13,506 - __main__ - INFO - Weather in Berlin: -1.34
2023-03-06 00:41:41,381 - __main__ - INFO - Token value: 1234
2023-03-06 00:41:41,518 - __main__ - INFO - Weather in Berlin: 0.94
2023-03-13 00:39:58,538 - __main__ - INFO - Token value: 1234
2023-03-13 00:39:58,984 - __main__ - INFO - Weather in Berlin: 5.94
2023-03-20 00:40:52,346 - __main__ - INFO - Token value: 1234
2023-03-20 00:40:52,864 - __main__ - INFO - Weather in Berlin: 10.36
2023-03-27 00:37:03,135 - __main__ - INFO - Token value: 1234
2023-03-27 00:37:03,579 - __main__ - INFO - Weather in Berlin: 4.49
2023-04-03 00:37:03,535 - __main__ - INFO - Token value: 1234
2023-04-03 00:37:03,887 - __main__ - INFO - Weather in Berlin: 1.06
2023-04-10 00:36:03,126 - __main__ - INFO - Token value: 1234
2023-04-10 00:36:03,601 - __main__ - INFO - Weather in Berlin: 6.65
2023-04-17 00:38:11,628 - __main__ - INFO - Token value: 1234
2023-04-17 00:38:11,958 - __main__ - INFO - Weather in Berlin: 7.47
2023-04-24 00:37:25,968 - __main__ - INFO - Token value: 1234
2023-04-24 00:37:26,548 - __main__ - INFO - Weather in Berlin: 11.24
2023-05-01 00:38:28,593 - __main__ - INFO - Token value: 1234
2023-05-01 00:38:29,237 - __main__ - INFO - Weather in Berlin: 4.74
2023-05-08 00:35:59,553 - __main__ - INFO - Token value: 1234
2023-05-08 00:36:00,012 - __main__ - INFO - Weather in Berlin: 8.12
2023-05-15 00:37:43,779 - __main__ - INFO - Token value: 1234
2023-05-15 00:37:44,323 - __main__ - INFO - Weather in Berlin: 13.01
2023-05-22 00:38:44,183 - __main__ - INFO - Token value: 1234
2023-05-22 00:38:44,825 - __main__ - INFO - Weather in Berlin: 18.93
2023-05-29 00:38:32,685 - __main__ - INFO - Token value: 1234
2023-05-29 00:38:33,317 - __main__ - INFO - Weather in Berlin: 13.49
2023-06-05 00:42:16,214 - __main__ - INFO - Token value: 1234
2023-06-05 00:42:16,354 - __main__ - INFO - Weather in Berlin: 12.54
2023-06-12 00:44:40,761 - __main__ - INFO - Token value: 1234
2023-06-12 00:44:41,287 - __main__ - INFO - Weather in Berlin: 17.95
2023-06-19 00:41:31,896 - __main__ - INFO - Token value: 1234
2023-06-19 00:41:32,077 - __main__ - INFO - Weather in Berlin: 17.46
2023-06-26 00:48:35,778 - __main__ - INFO - Token value: 1234
2023-06-26 00:48:35,965 - __main__ - INFO - Weather in Berlin: 19.96
2023-07-03 00:47:50,515 - __main__ - INFO - Token value: 1234
2023-07-03 00:47:51,503 - __main__ - INFO - Weather in Berlin: 14.82
2023-07-10 00:47:49,548 - __main__ - INFO - Token value: 1234
2023-07-10 00:47:50,169 - __main__ - INFO - Weather in Berlin: 21.4
2023-07-17 00:50:57,487 - __main__ - INFO - Token value: 1234
2023-07-17 00:50:58,057 - __main__ - INFO - Weather in Berlin: 17.68
2023-07-24 00:41:28,744 - __main__ - INFO - Token value: 1234
2023-07-24 00:41:29,341 - __main__ - INFO - Weather in Berlin: 19.18
2023-07-31 00:41:40,366 - __main__ - INFO - Token value: 1234
2023-07-31 00:41:40,950 - __main__ - INFO - Weather in Berlin: 15.06
2023-08-07 00:39:33,017 - __main__ - INFO - Token value: 1234
2023-08-07 00:39:33,591 - __main__ - INFO - Weather in Berlin: 14.24
2023-08-14 00:32:09,980 - __main__ - INFO - Token value: 1234
2023-08-14 00:32:10,569 - __main__ - INFO - Weather in Berlin: 19.18
2023-08-21 00:31:40,538 - __main__ - INFO - Token value: 1234
2023-08-21 00:31:41,217 - __main__ - INFO - Weather in Berlin: 20.29
2023-08-28 00:32:45,300 - __main__ - INFO - Token value: 1234
2023-08-28 00:32:45,759 - __main__ - INFO - Weather in Berlin: 15.49
2023-09-04 00:32:51,578 - __main__ - INFO - Token value: 1234
2023-09-04 00:32:51,721 - __main__ - INFO - Weather in Berlin: 13.88
2023-09-11 00:33:02,029 - __main__ - INFO - Token value: 1234
2023-09-11 00:33:02,311 - __main__ - INFO - Weather in Berlin: 19.79
2023-09-18 00:33:08,034 - __main__ - INFO - Token value: 1234
2023-09-18 00:33:08,622 - __main__ - INFO - Weather in Berlin: 18.77
2023-09-25 00:33:31,589 - __main__ - INFO - Token value: 1234
2023-09-25 00:33:32,204 - __main__ - INFO - Weather in Berlin: 11.97
2023-10-02 00:33:45,247 - __main__ - INFO - Token value: 1234
2023-10-02 00:33:45,432 - __main__ - INFO - Weather in Berlin: 16.15
2023-10-09 00:33:46,073 - __main__ - INFO - Token value: 1234
2023-10-09 00:33:46,678 - __main__ - INFO - Weather in Berlin: 10.35
2023-10-16 00:34:12,581 - __main__ - INFO - Token value: 1234
2023-10-16 00:34:13,068 - __main__ - INFO - Weather in Berlin: 6.05
2023-10-23 00:33:38,346 - __main__ - INFO - Token value: 1234
2023-10-23 00:33:38,481 - __main__ - INFO - Weather in Berlin: 11.05
2023-10-30 00:34:04,551 - __main__ - INFO - Token value: 1234
2023-10-30 00:34:05,043 - __main__ - INFO - Weather in Berlin: 12.19
2023-11-06 00:34:49,810 - __main__ - INFO - Token value: 1234
2023-11-06 00:34:50,132 - __main__ - INFO - Weather in Berlin: 10.48
2023-11-06 11:40:46,713 - __main__ - INFO - Token value: 1234
2023-11-06 11:40:47,193 - __main__ - INFO - Weather in Berlin: 12.87
2023-11-06 11:47:31,406 - __main__ - INFO - Token value: 1234
2023-11-06 11:47:32,340 - __main__ - INFO - Weather in Berlin: 12.99
2023-11-06 12:01:01,652 - __main__ - INFO - Token value: 1234
2023-11-06 12:01:01,788 - __main__ - INFO - Weather in Berlin: 12.99
2023-11-06 12:39:50,673 - __main__ - INFO - Token value: 1234
2023-11-06 12:39:50,987 - __main__ - INFO - Weather in Berlin: 13.11
2023-11-06 13:01:41,699 - __main__ - INFO - Token value: 1234
2023-11-06 13:01:42,557 - __main__ - INFO - Weather in Berlin: 13.11
2023-11-06 13:26:03,107 - __main__ - INFO - Token value: 1234
2023-11-06 13:26:03,645 - __main__ - INFO - Weather in Berlin: 13.11
2023-11-06 13:39:27,740 - __main__ - INFO - Token value: 1234
2023-11-06 13:39:28,327 - __main__ - INFO - Weather in Berlin: 12.82
2023-11-06 13:52:44,664 - __main__ - INFO - Token value: 1234
2023-11-06 13:52:45,071 - __main__ - INFO - Weather in Berlin: 12.82
2023-11-06 14:13:28,120 - __main__ - INFO - Token value: 1234
2023-11-06 14:13:28,613 - __main__ - INFO - Weather in Berlin: 12.82
2023-11-06 14:31:03,785 - __main__ - INFO - Token value: 1234
2023-11-06 14:31:04,141 - __main__ - INFO - Weather in Berlin: 12.55
2023-11-06 14:44:17,304 - __main__ - INFO - Token value: 1234
2023-11-06 14:44:17,949 - __main__ - INFO - Weather in Berlin: 12.55
2023-11-06 14:57:09,472 - __main__ - INFO - Token value: 1234
2023-11-06 14:57:10,029 - __main__ - INFO - Weather in Berlin: 12.55
2023-11-06 15:21:17,452 - __main__ - INFO - Token value: 1234
2023-11-06 15:21:17,802 - __main__ - INFO - Weather in Berlin: 12.55
2023-11-06 15:35:35,417 - __main__ - INFO - Token value: 1234
2023-11-06 15:35:35,951 - __main__ - INFO - Weather in Berlin: 12.58
2023-11-06 15:48:17,931 - __main__ - INFO - Token value: 1234
2023-11-06 15:48:18,388 - __main__ - INFO - Weather in Berlin: 12.58
2023-11-06 16:08:27,555 - __main__ - INFO - Token value: 1234
2023-11-06 16:08:27,664 - __main__ - INFO - Weather in Berlin: 12.58
2023-11-06 16:32:05,321 - __main__ - INFO - Token value: 1234
2023-11-06 16:32:06,052 - __main__ - INFO - Weather in Berlin: 12.09
2023-11-06 16:45:07,497 - __main__ - INFO - Token value: 1234
2023-11-06 16:45:08,029 - __main__ - INFO - Weather in Berlin: 12.09
2023-11-06 16:58:21,750 - __main__ - INFO - Token value: 1234
2023-11-06 16:58:22,077 - __main__ - INFO - Weather in Berlin: 12.09
2023-11-06 17:19:29,218 - __main__ - INFO - Token value: 1234
2023-11-06 17:19:29,362 - __main__ - INFO - Weather in Berlin: 12.09
2023-11-06 17:33:04,019 - __main__ - INFO - Token value: 1234
2023-11-06 17:33:04,602 - __main__ - INFO - Weather in Berlin: 12.09
2023-11-06 17:46:17,521 - __main__ - INFO - Token value: 1234
2023-11-06 17:46:17,649 - __main__ - INFO - Weather in Berlin: 11.54
2023-11-06 17:59:38,541 - __main__ - INFO - Token value: 1234
2023-11-06 17:59:38,724 - __main__ - INFO - Weather in Berlin: 11.17
2023-11-06 18:25:28,746 - __main__ - INFO - Token value: 1234
2023-11-06 18:25:28,857 - __main__ - INFO - Weather in Berlin: 11.54
2023-11-06 18:39:14,582 - __main__ - INFO - Token value: 1234
2023-11-06 18:39:14,769 - __main__ - INFO - Weather in Berlin: 11.17
2023-11-06 18:52:19,305 - __main__ - INFO - Token value: 1234
2023-11-06 18:52:19,452 - __main__ - INFO - Weather in Berlin: 11.05
2023-11-06 19:10:38,380 - __main__ - INFO - Token value: 1234
2023-11-06 19:10:38,789 - __main__ - INFO - Weather in Berlin: 11.05
2023-11-06 19:23:47,361 - __main__ - INFO - Token value: 1234
2023-11-06 19:23:47,829 - __main__ - INFO - Weather in Berlin: 11.05
2023-11-06 19:37:01,463 - __main__ - INFO - Token value: 1234
2023-11-06 19:37:01,773 - __main__ - INFO - Weather in Berlin: 10.7
2023-11-06 19:50:04,250 - __main__ - INFO - Token value: 1234
2023-11-06 19:50:04,817 - __main__ - INFO - Weather in Berlin: 10.7
2023-11-06 20:09:44,676 - __main__ - INFO - Token value: 1234
2023-11-06 20:09:45,173 - __main__ - INFO - Weather in Berlin: 10.7
2023-11-06 20:24:59,586 - __main__ - INFO - Token value: 1234
2023-11-06 20:24:59,829 - __main__ - INFO - Weather in Berlin: 10.62
2023-11-06 20:38:15,085 - __main__ - INFO - Token value: 1234
2023-11-06 20:38:15,407 - __main__ - INFO - Weather in Berlin: 10.17
2023-11-06 20:51:36,487 - __main__ - INFO - Token value: 1234
2023-11-06 20:51:36,667 - __main__ - INFO - Weather in Berlin: 10.17
2023-11-06 21:10:27,805 - __main__ - INFO - Token value: 1234
2023-11-06 21:10:28,071 - __main__ - INFO - Weather in Berlin: 10.24
2023-11-06 21:23:42,943 - __main__ - INFO - Token value: 1234
2023-11-06 21:23:43,729 - __main__ - INFO - Weather in Berlin: 10.24
2023-11-06 21:36:38,966 - __main__ - INFO - Token value: 1234
2023-11-06 21:36:39,492 - __main__ - INFO - Weather in Berlin: 10.17
2023-11-06 21:49:42,016 - __main__ - INFO - Token value: 1234
2023-11-06 21:49:42,369 - __main__ - INFO - Weather in Berlin: 10.24
2023-11-06 22:08:07,983 - __main__ - INFO - Token value: 1234
2023-11-06 22:08:08,571 - __main__ - INFO - Weather in Berlin: 9.6
2023-11-06 22:27:08,890 - __main__ - INFO - Token value: 1234
2023-11-06 22:27:09,319 - __main__ - INFO - Weather in Berlin: 9.3
2023-11-06 22:40:24,178 - __main__ - INFO - Token value: 1234
2023-11-06 22:40:24,441 - __main__ - INFO - Weather in Berlin: 9.6
2023-11-06 22:53:39,771 - __main__ - INFO - Token value: 1234
2023-11-06 22:53:40,422 - __main__ - INFO - Weather in Berlin: 9.35
2023-11-06 23:14:57,075 - __main__ - INFO - Token value: 1234
2023-11-06 23:14:57,604 - __main__ - INFO - Weather in Berlin: 9.35
2023-11-06 23:27:52,481 - __main__ - INFO - Token value: 1234
2023-11-06 23:27:52,798 - __main__ - INFO - Weather in Berlin: 9.35
2023-11-06 23:41:11,974 - __main__ - INFO - Token value: 1234
2023-11-06 23:41:12,505 - __main__ - INFO - Weather in Berlin: 9.35
2023-11-06 23:54:00,086 - __main__ - INFO - Token value: 1234
2023-11-06 23:54:00,230 - __main__ - INFO - Weather in Berlin: 9.8
2023-11-07 01:11:17,258 - __main__ - INFO - Token value: 1234
2023-11-07 01:11:17,877 - __main__ - INFO - Weather in Berlin: 9.92
2023-11-07 02:02:12,851 - __main__ - INFO - Token value: 1234
2023-11-07 02:02:12,957 - __main__ - INFO - Weather in Berlin: 8.64
2023-11-07 02:29:21,215 - __main__ - INFO - Token value: 1234
2023-11-07 02:29:21,488 - __main__ - INFO - Weather in Berlin: 8.87
2023-11-07 02:42:23,746 - __main__ - INFO - Token value: 1234
2023-11-07 02:42:24,213 - __main__ - INFO - Weather in Berlin: 8.48
2023-11-07 02:55:40,943 - __main__ - INFO - Token value: 1234
2023-11-07 02:55:41,081 - __main__ - INFO - Weather in Berlin: 8.48
2023-11-07 03:18:40,484 - __main__ - INFO - Token value: 1234
2023-11-07 03:18:40,910 - __main__ - INFO - Weather in Berlin: 8.48
2023-11-07 03:32:00,618 - __main__ - INFO - Token value: 1234
2023-11-07 03:32:01,149 - __main__ - INFO - Weather in Berlin: 8.27
2023-11-07 03:45:20,815 - __main__ - INFO - Token value: 1234
2023-11-07 03:45:21,414 - __main__ - INFO - Weather in Berlin: 8.27
2023-11-07 03:58:32,070 - __main__ - INFO - Token value: 1234
2023-11-07 03:58:32,280 - __main__ - INFO - Weather in Berlin: 8.11
2023-11-07 04:23:23,670 - __main__ - INFO - Token value: 1234
2023-11-07 04:23:23,809 - __main__ - INFO - Weather in Berlin: 8.15
2023-11-07 04:36:39,974 - __main__ - INFO - Token value: 1234
2023-11-07 04:36:40,205 - __main__ - INFO - Weather in Berlin: 8.15
2023-11-07 04:50:01,487 - __main__ - INFO - Token value: 1234
2023-11-07 04:50:02,182 - __main__ - INFO - Weather in Berlin: 8.14
2023-11-07 05:09:02,327 - __main__ - INFO - Token value: 1234
2023-11-07 05:09:03,115 - __main__ - INFO - Weather in Berlin: 8.14
2023-11-07 05:26:46,734 - __main__ - INFO - Token value: 1234
2023-11-07 05:26:47,433 - __main__ - INFO - Weather in Berlin: 8.14
2023-11-07 05:39:49,140 - __main__ - INFO - Token value: 1234
2023-11-07 05:39:49,249 - __main__ - INFO - Weather in Berlin: 7.85
2023-11-07 05:53:13,631 - __main__ - INFO - Token value: 1234
2023-11-07 05:53:14,107 - __main__ - INFO - Weather in Berlin: 7.85
2023-11-07 06:18:43,617 - __main__ - INFO - Token value: 1234
2023-11-07 06:18:43,778 - __main__ - INFO - Weather in Berlin: 7.94
2023-11-07 06:33:34,879 - __main__ - INFO - Token value: 1234
2023-11-07 06:33:35,314 - __main__ - INFO - Weather in Berlin: 7.94
2023-11-07 06:46:42,939 - __main__ - INFO - Token value: 1234
2023-11-07 06:46:43,430 - __main__ - INFO - Weather in Berlin: 7.94
2023-11-07 06:59:42,167 - __main__ - INFO - Token value: 1234
2023-11-07 06:59:42,306 - __main__ - INFO - Weather in Berlin: 7.94
2023-11-07 07:17:38,869 - __main__ - INFO - Token value: 1234
2023-11-07 07:17:39,382 - __main__ - INFO - Weather in Berlin: 7.91
2023-11-07 07:30:48,182 - __main__ - INFO - Token value: 1234
2023-11-07 07:30:48,700 - __main__ - INFO - Weather in Berlin: 7.91
2023-11-07 07:44:00,870 - __main__ - INFO - Token value: 1234
2023-11-07 07:44:01,517 - __main__ - INFO - Weather in Berlin: 7.91
2023-11-07 07:57:10,046 - __main__ - INFO - Token value: 1234
2023-11-07 07:57:10,392 - __main__ - INFO - Weather in Berlin: 8.47
2023-11-07 08:23:34,045 - __main__ - INFO - Token value: 1234
2023-11-07 08:23:34,633 - __main__ - INFO - Weather in Berlin: 9.17
2023-11-07 08:37:04,810 - __main__ - INFO - Token value: 1234
2023-11-07 08:37:05,350 - __main__ - INFO - Weather in Berlin: 8.47
2023-11-07 08:50:09,781 - __main__ - INFO - Token value: 1234
2023-11-07 08:50:09,969 - __main__ - INFO - Weather in Berlin: 9.17
2023-11-07 09:09:34,887 - __main__ - INFO - Token value: 1234
2023-11-07 09:09:35,453 - __main__ - INFO - Weather in Berlin: 10.05
2023-11-07 09:23:54,725 - __main__ - INFO - Token value: 1234
2023-11-07 09:23:54,896 - __main__ - INFO - Weather in Berlin: 10.45
2023-11-07 09:37:05,362 - __main__ - INFO - Token value: 1234
2023-11-07 09:37:05,894 - __main__ - INFO - Weather in Berlin: 10.05
2023-11-07 09:50:18,487 - __main__ - INFO - Token value: 1234
2023-11-07 09:50:18,858 - __main__ - INFO - Weather in Berlin: 10.45
2023-11-07 10:10:35,601 - __main__ - INFO - Token value: 1234
2023-11-07 10:10:36,303 - __main__ - INFO - Weather in Berlin: 10.45
2023-11-07 10:30:23,191 - __main__ - INFO - Token value: 1234
2023-11-07 10:30:23,684 - __main__ - INFO - Weather in Berlin: 11.86
2023-11-07 10:43:37,801 - __main__ - INFO - Token value: 1234
2023-11-07 10:43:38,042 - __main__ - INFO - Weather in Berlin: 11.86
2023-11-07 10:56:39,676 - __main__ - INFO - Token value: 1234
2023-11-07 10:56:40,201 - __main__ - INFO - Weather in Berlin: 12.47
2023-11-07 11:15:23,867 - __main__ - INFO - Token value: 1234
2023-11-07 11:15:24,010 - __main__ - INFO - Weather in Berlin: 12.47
2023-11-07 11:28:36,982 - __main__ - INFO - Token value: 1234
2023-11-07 11:28:37,751 - __main__ - INFO - Weather in Berlin: 12.37
2023-11-07 11:42:03,471 - __main__ - INFO - Token value: 1234
2023-11-07 11:42:03,991 - __main__ - INFO - Weather in Berlin: 12.37
2023-11-07 11:55:09,964 - __main__ - INFO - Token value: 1234
2023-11-07 11:55:10,466 - __main__ - INFO - Weather in Berlin: 12.37
2023-11-07 12:34:38,053 - __main__ - INFO - Token value: 1234
2023-11-07 12:34:38,198 - __main__ - INFO - Weather in Berlin: 12.82
2023-11-07 12:56:32,597 - __main__ - INFO - Token value: 1234
2023-11-07 12:56:33,190 - __main__ - INFO - Weather in Berlin: 12.67
2023-11-07 13:21:52,662 - __main__ - INFO - Token value: 1234
2023-11-07 13:21:52,858 - __main__ - INFO - Weather in Berlin: 12.85
2023-11-07 13:35:14,592 - __main__ - INFO - Token value: 1234
2023-11-07 13:35:14,735 - __main__ - INFO - Weather in Berlin: 12.93
2023-11-07 13:48:24,761 - __main__ - INFO - Token value: 1234
2023-11-07 13:48:25,005 - __main__ - INFO - Weather in Berlin: 12.93
2023-11-07 14:06:17,856 - __main__ - INFO - Token value: 1234
2023-11-07 14:06:18,035 - __main__ - INFO - Weather in Berlin: 12.85
2023-11-07 14:26:33,781 - __main__ - INFO - Token value: 1234
2023-11-07 14:26:34,200 - __main__ - INFO - Weather in Berlin: 12.44
2023-11-07 14:39:49,601 - __main__ - INFO - Token value: 1234
2023-11-07 14:39:49,764 - __main__ - INFO - Weather in Berlin: 12.45
2023-11-07 14:53:06,159 - __main__ - INFO - Token value: 1234
2023-11-07 14:53:06,345 - __main__ - INFO - Weather in Berlin: 12.44
2023-11-07 15:14:22,875 - __main__ - INFO - Token value: 1234
2023-11-07 15:14:23,018 - __main__ - INFO - Weather in Berlin: 12.44
2023-11-07 15:27:34,150 - __main__ - INFO - Token value: 1234
2023-11-07 15:27:34,907 - __main__ - INFO - Weather in Berlin: 11.54
2023-11-07 15:40:28,624 - __main__ - INFO - Token value: 1234
2023-11-07 15:40:28,767 - __main__ - INFO - Weather in Berlin: 11.54
2023-11-07 15:53:48,656 - __main__ - INFO - Token value: 1234
2023-11-07 15:53:49,454 - __main__ - INFO - Weather in Berlin: 11.54
2023-11-07 16:20:20,671 - __main__ - INFO - Token value: 1234
2023-11-07 16:20:20,779 - __main__ - INFO - Weather in Berlin: 11.4
2023-11-07 16:38:14,763 - __main__ - INFO - Token value: 1234
2023-11-07 16:38:15,421 - __main__ - INFO - Weather in Berlin: 10.5
2023-11-07 16:51:29,461 - __main__ - INFO - Token value: 1234
2023-11-07 16:51:30,224 - __main__ - INFO - Weather in Berlin: 10.02
2023-11-07 17:10:26,979 - __main__ - INFO - Token value: 1234
2023-11-07 17:10:27,245 - __main__ - INFO - Weather in Berlin: 10.02
2023-11-07 17:27:14,718 - __main__ - INFO - Token value: 1234
2023-11-07 17:27:15,246 - __main__ - INFO - Weather in Berlin: 9.83
2023-11-07 17:40:24,234 - __main__ - INFO - Token value: 1234
2023-11-07 17:40:24,762 - __main__ - INFO - Weather in Berlin: 9.83
2023-11-07 17:53:43,644 - __main__ - INFO - Token value: 1234
2023-11-07 17:53:43,749 - __main__ - INFO - Weather in Berlin: 9.82
2023-11-07 18:19:21,880 - __main__ - INFO - Token value: 1234
2023-11-07 18:19:21,987 - __main__ - INFO - Weather in Berlin: 9.6
2023-11-07 18:33:43,158 - __main__ - INFO - Token value: 1234
2023-11-07 18:33:43,265 - __main__ - INFO - Weather in Berlin: 9.6
2023-11-07 18:47:05,694 - __main__ - INFO - Token value: 1234
2023-11-07 18:47:05,919 - __main__ - INFO - Weather in Berlin: 9.3
2023-11-07 18:59:54,985 - __main__ - INFO - Token value: 1234
2023-11-07 18:59:55,222 - __main__ - INFO - Weather in Berlin: 9.6
2023-11-07 19:16:03,346 - __main__ - INFO - Token value: 1234
2023-11-07 19:16:03,535 - __main__ - INFO - Weather in Berlin: 9.3
2023-11-07 19:29:14,923 - __main__ - INFO - Token value: 1234
2023-11-07 19:29:15,519 - __main__ - INFO - Weather in Berlin: 8.99
2023-11-07 19:42:13,510 - __main__ - INFO - Token value: 1234
2023-11-07 19:42:13,617 - __main__ - INFO - Weather in Berlin: 9.3
2023-11-07 19:55:36,791 - __main__ - INFO - Token value: 1234
2023-11-07 19:55:36,932 - __main__ - INFO - Weather in Berlin: 8.88
2023-11-07 20:19:03,424 - __main__ - INFO - Token value: 1234
2023-11-07 20:19:04,017 - __main__ - INFO - Weather in Berlin: 8.88
2023-11-07 20:32:31,464 - __main__ - INFO - Token value: 1234
2023-11-07 20:32:31,623 - __main__ - INFO - Weather in Berlin: 8.41
2023-11-07 20:45:40,880 - __main__ - INFO - Token value: 1234
2023-11-07 20:45:41,412 - __main__ - INFO - Weather in Berlin: 8.88
2023-11-07 20:58:52,660 - __main__ - INFO - Token value: 1234
2023-11-07 20:58:52,816 - __main__ - INFO - Weather in Berlin: 8.46
2023-11-07 21:16:50,219 - __main__ - INFO - Token value: 1234
2023-11-07 21:16:50,556 - __main__ - INFO - Weather in Berlin: 8.41
2023-11-07 21:30:09,104 - __main__ - INFO - Token value: 1234
2023-11-07 21:30:09,834 - __main__ - INFO - Weather in Berlin: 8.42
2023-11-07 21:43:30,785 - __main__ - INFO - Token value: 1234
2023-11-07 21:43:31,401 - __main__ - INFO - Weather in Berlin: 8.46
2023-11-07 21:56:32,275 - __main__ - INFO - Token value: 1234
2023-11-07 21:56:32,475 - __main__ - INFO - Weather in Berlin: 8.42
2023-11-07 22:18:21,119 - __main__ - INFO - Token value: 1234
2023-11-07 22:18:21,228 - __main__ - INFO - Weather in Berlin: 8.42
2023-11-07 22:31:20,561 - __main__ - INFO - Token value: 1234
2023-11-07 22:31:20,858 - __main__ - INFO - Weather in Berlin: 7.78
2023-11-07 22:44:21,176 - __main__ - INFO - Token value: 1234
2023-11-07 22:44:21,774 - __main__ - INFO - Weather in Berlin: 8.21
2023-11-07 22:57:12,168 - __main__ - INFO - Token value: 1234
2023-11-07 22:57:12,694 - __main__ - INFO - Weather in Berlin: 7.83
2023-11-07 23:18:51,590 - __main__ - INFO - Token value: 1234
2023-11-07 23:18:51,751 - __main__ - INFO - Weather in Berlin: 7.83
2023-11-07 23:32:16,434 - __main__ - INFO - Token value: 1234
2023-11-07 23:32:16,854 - __main__ - INFO - Weather in Berlin: 7.83
2023-11-07 23:45:43,409 - __main__ - INFO - Token value: 1234
2023-11-07 23:45:43,954 - __main__ - INFO - Weather in Berlin: 7.83
2023-11-07 23:58:37,008 - __main__ - INFO - Token value: 1234
2023-11-07 23:58:37,154 - __main__ - INFO - Weather in Berlin: 7.85
2023-11-08 01:21:00,393 - __main__ - INFO - Token value: 1234
2023-11-08 01:21:00,989 - __main__ - INFO - Weather in Berlin: 7.74
2023-11-08 02:04:22,408 - __main__ - INFO - Token value: 1234
2023-11-08 02:04:22,988 - __main__ - INFO - Weather in Berlin: 8.28
2023-11-08 02:29:40,702 - __main__ - INFO - Token value: 1234
2023-11-08 02:29:41,387 - __main__ - INFO - Weather in Berlin: 7.8
2023-11-08 02:42:42,352 - __main__ - INFO - Token value: 1234
2023-11-08 02:42:42,610 - __main__ - INFO - Weather in Berlin: 8.28
2023-11-08 02:55:34,441 - __main__ - INFO - Token value: 1234
2023-11-08 02:55:35,031 - __main__ - INFO - Weather in Berlin: 7.8
2023-11-08 03:18:33,809 - __main__ - INFO - Token value: 1234
2023-11-08 03:18:34,002 - __main__ - INFO - Weather in Berlin: 7.38
2023-11-08 03:32:01,121 - __main__ - INFO - Token value: 1234
2023-11-08 03:32:01,758 - __main__ - INFO - Weather in Berlin: 7.38
2023-11-08 03:45:22,333 - __main__ - INFO - Token value: 1234
2023-11-08 03:45:22,881 - __main__ - INFO - Weather in Berlin: 7.23
2023-11-08 03:58:25,992 - __main__ - INFO - Token value: 1234
2023-11-08 03:58:26,228 - __main__ - INFO - Weather in Berlin: 7.23
2023-11-08 04:23:16,450 - __main__ - INFO - Token value: 1234
2023-11-08 04:23:16,647 - __main__ - INFO - Weather in Berlin: 7.04
2023-11-08 04:36:34,718 - __main__ - INFO - Token value: 1234
2023-11-08 04:36:35,225 - __main__ - INFO - Weather in Berlin: 7.26
2023-11-08 04:49:47,629 - __main__ - INFO - Token value: 1234
2023-11-08 04:49:47,771 - __main__ - INFO - Weather in Berlin: 7.39
2023-11-08 05:08:26,275 - __main__ - INFO - Token value: 1234
2023-11-08 05:08:26,568 - __main__ - INFO - Weather in Berlin: 7.04
2023-11-08 05:26:32,486 - __main__ - INFO - Token value: 1234
2023-11-08 05:26:32,590 - __main__ - INFO - Weather in Berlin: 7.5
2023-11-08 05:39:38,986 - __main__ - INFO - Token value: 1234
2023-11-08 05:39:39,580 - __main__ - INFO - Weather in Berlin: 7.5
2023-11-08 05:52:51,346 - __main__ - INFO - Token value: 1234
2023-11-08 05:52:51,605 - __main__ - INFO - Weather in Berlin: 7.65
2023-11-08 06:18:18,499 - __main__ - INFO - Token value: 1234
2023-11-08 06:18:19,002 - __main__ - INFO - Weather in Berlin: 7.86
2023-11-08 06:33:10,069 - __main__ - INFO - Token value: 1234
2023-11-08 06:33:11,158 - __main__ - INFO - Weather in Berlin: 7.65
2023-11-08 06:46:15,313 - __main__ - INFO - Token value: 1234
2023-11-08 06:46:15,811 - __main__ - INFO - Weather in Berlin: 7.65
2023-11-08 06:59:30,248 - __main__ - INFO - Token value: 1234
2023-11-08 06:59:30,792 - __main__ - INFO - Weather in Berlin: 7.86
2023-11-08 07:17:53,300 - __main__ - INFO - Token value: 1234
2023-11-08 07:17:54,108 - __main__ - INFO - Weather in Berlin: 8.07
2023-11-08 07:31:01,686 - __main__ - INFO - Token value: 1234
2023-11-08 07:31:01,832 - __main__ - INFO - Weather in Berlin: 8.07
2023-11-08 07:44:18,845 - __main__ - INFO - Token value: 1234
2023-11-08 07:44:19,090 - __main__ - INFO - Weather in Berlin: 8.07
2023-11-08 07:57:18,625 - __main__ - INFO - Token value: 1234
2023-11-08 07:57:18,766 - __main__ - INFO - Weather in Berlin: 8.21
2023-11-08 08:23:34,930 - __main__ - INFO - Token value: 1234
2023-11-08 08:23:35,509 - __main__ - INFO - Weather in Berlin: 8.58
2023-11-08 08:37:07,288 - __main__ - INFO - Token value: 1234
2023-11-08 08:37:07,541 - __main__ - INFO - Weather in Berlin: 8.58
2023-11-08 08:50:25,464 - __main__ - INFO - Token value: 1234
2023-11-08 08:50:26,036 - __main__ - INFO - Weather in Berlin: 8.58
2023-11-08 09:09:58,405 - __main__ - INFO - Token value: 1234
2023-11-08 09:09:58,584 - __main__ - INFO - Weather in Berlin: 8.58
2023-11-08 09:24:11,425 - __main__ - INFO - Token value: 1234
2023-11-08 09:24:11,988 - __main__ - INFO - Weather in Berlin: 9.41
2023-11-08 09:37:31,990 - __main__ - INFO - Token value: 1234
2023-11-08 09:37:32,128 - __main__ - INFO - Weather in Berlin: 9.41
2023-11-08 09:50:49,309 - __main__ - INFO - Token value: 1234
2023-11-08 09:50:49,819 - __main__ - INFO - Weather in Berlin: 9.41
2023-11-08 10:11:10,808 - __main__ - INFO - Token value: 1234
2023-11-08 10:11:10,924 - __main__ - INFO - Weather in Berlin: 10.19
2023-11-08 10:30:53,916 - __main__ - INFO - Token value: 1234
2023-11-08 10:30:54,526 - __main__ - INFO - Weather in Berlin: 10.37
2023-11-08 10:44:03,042 - __main__ - INFO - Token value: 1234
2023-11-08 10:44:03,862 - __main__ - INFO - Weather in Berlin: 10.19
2023-11-08 10:57:00,150 - __main__ - INFO - Token value: 1234
2023-11-08 10:57:00,333 - __main__ - INFO - Weather in Berlin: 10.19
2023-11-08 11:15:46,119 - __main__ - INFO - Token value: 1234
2023-11-08 11:15:48,669 - __main__ - INFO - Weather in Berlin: 10.62
2023-11-08 11:29:00,495 - __main__ - INFO - Token value: 1234
2023-11-08 11:29:00,978 - __main__ - INFO - Weather in Berlin: 10.62
2023-11-08 11:42:13,604 - __main__ - INFO - Token value: 1234
2023-11-08 11:42:16,112 - __main__ - INFO - Weather in Berlin: 10.62
2023-11-08 11:55:17,534 - __main__ - INFO - Token value: 1234
2023-11-08 11:55:17,823 - __main__ - INFO - Weather in Berlin: 10.89
2023-11-08 12:34:54,703 - __main__ - INFO - Token value: 1234
2023-11-08 12:34:54,917 - __main__ - INFO - Weather in Berlin: 10.74
2023-11-08 12:56:50,043 - __main__ - INFO - Token value: 1234
2023-11-08 12:56:50,280 - __main__ - INFO - Weather in Berlin: 10.74
2023-11-08 13:22:15,643 - __main__ - INFO - Token value: 1234
2023-11-08 13:22:15,843 - __main__ - INFO - Weather in Berlin: 11.15
2023-11-08 13:35:35,738 - __main__ - INFO - Token value: 1234
2023-11-08 13:35:35,942 - __main__ - INFO - Weather in Berlin: 11.15
2023-11-08 13:48:38,080 - __main__ - INFO - Token value: 1234
2023-11-08 13:48:38,628 - __main__ - INFO - Weather in Berlin: 11.39
2023-11-08 14:06:31,046 - __main__ - INFO - Token value: 1234
2023-11-08 14:06:31,340 - __main__ - INFO - Weather in Berlin: 11.22
2023-11-08 14:26:37,677 - __main__ - INFO - Token value: 1234
2023-11-08 14:26:38,028 - __main__ - INFO - Weather in Berlin: 11.42
2023-11-08 14:39:39,952 - __main__ - INFO - Token value: 1234
2023-11-08 14:39:40,182 - __main__ - INFO - Weather in Berlin: 11.42
2023-11-08 14:52:47,640 - __main__ - INFO - Token value: 1234
2023-11-08 14:52:47,796 - __main__ - INFO - Weather in Berlin: 11.42
2023-11-08 15:14:28,142 - __main__ - INFO - Token value: 1234
2023-11-08 15:14:28,737 - __main__ - INFO - Weather in Berlin: 11.02
2023-11-08 15:27:26,401 - __main__ - INFO - Token value: 1234
2023-11-08 15:27:26,592 - __main__ - INFO - Weather in Berlin: 11.02
2023-11-08 15:40:37,591 - __main__ - INFO - Token value: 1234
2023-11-08 15:40:38,132 - __main__ - INFO - Weather in Berlin: 10.08
2023-11-08 15:53:37,860 - __main__ - INFO - Token value: 1234
2023-11-08 15:53:38,141 - __main__ - INFO - Weather in Berlin: 10.08
2023-11-08 16:20:22,654 - __main__ - INFO - Token value: 1234
2023-11-08 16:20:22,838 - __main__ - INFO - Weather in Berlin: 10.08
2023-11-08 16:38:01,327 - __main__ - INFO - Token value: 1234
2023-11-08 16:38:01,933 - __main__ - INFO - Weather in Berlin: 9.77
2023-11-08 16:51:23,049 - __main__ - INFO - Token value: 1234
2023-11-08 16:51:23,243 - __main__ - INFO - Weather in Berlin: 9.77
2023-11-08 17:10:27,198 - __main__ - INFO - Token value: 1234
2023-11-08 17:10:27,742 - __main__ - INFO - Weather in Berlin: 8.82
2023-11-08 17:27:19,479 - __main__ - INFO - Token value: 1234
2023-11-08 17:27:19,997 - __main__ - INFO - Weather in Berlin: 8.86
2023-11-08 17:40:35,948 - __main__ - INFO - Token value: 1234
2023-11-08 17:40:36,357 - __main__ - INFO - Weather in Berlin: 8.74
2023-11-08 17:53:53,762 - __main__ - INFO - Token value: 1234
2023-11-08 17:53:54,333 - __main__ - INFO - Weather in Berlin: 8.74
2023-11-08 18:19:52,415 - __main__ - INFO - Token value: 1234
2023-11-08 18:19:52,735 - __main__ - INFO - Weather in Berlin: 8.74
2023-11-08 18:34:17,853 - __main__ - INFO - Token value: 1234
2023-11-08 18:34:17,995 - __main__ - INFO - Weather in Berlin: 8.53
2023-11-08 18:47:23,382 - __main__ - INFO - Token value: 1234
2023-11-08 18:47:23,970 - __main__ - INFO - Weather in Berlin: 8.91
2023-11-08 19:00:47,818 - __main__ - INFO - Token value: 1234
2023-11-08 19:00:47,924 - __main__ - INFO - Weather in Berlin: 8.91
2023-11-08 19:16:12,335 - __main__ - INFO - Token value: 1234
2023-11-08 19:16:12,848 - __main__ - INFO - Weather in Berlin: 8.91
2023-11-08 19:29:22,140 - __main__ - INFO - Token value: 1234
2023-11-08 19:29:22,280 - __main__ - INFO - Weather in Berlin: 8.91
2023-11-08 19:42:26,156 - __main__ - INFO - Token value: 1234
2023-11-08 19:42:26,841 - __main__ - INFO - Weather in Berlin: 8.91
2023-11-08 19:55:13,694 - __main__ - INFO - Token value: 1234
2023-11-08 19:55:13,841 - __main__ - INFO - Weather in Berlin: 8.38
2023-11-08 20:18:41,700 - __main__ - INFO - Token value: 1234
2023-11-08 20:18:41,908 - __main__ - INFO - Weather in Berlin: 8.38
2023-11-08 20:31:53,928 - __main__ - INFO - Token value: 1234
2023-11-08 20:31:54,424 - __main__ - INFO - Weather in Berlin: 8.29
2023-11-08 20:45:08,840 - __main__ - INFO - Token value: 1234
2023-11-08 20:45:09,145 - __main__ - INFO - Weather in Berlin: 8.29
2023-11-08 20:58:13,707 - __main__ - INFO - Token value: 1234
2023-11-08 20:58:14,079 - __main__ - INFO - Weather in Berlin: 8.05
2023-11-08 21:16:48,399 - __main__ - INFO - Token value: 1234
2023-11-08 21:16:48,542 - __main__ - INFO - Weather in Berlin: 8.05
2023-11-08 21:29:57,343 - __main__ - INFO - Token value: 1234
2023-11-08 21:29:57,511 - __main__ - INFO - Weather in Berlin: 8.05
2023-11-08 21:43:01,327 - __main__ - INFO - Token value: 1234
2023-11-08 21:43:01,437 - __main__ - INFO - Weather in Berlin: 8.05
2023-11-08 21:56:10,478 - __main__ - INFO - Token value: 1234
2023-11-08 21:56:11,157 - __main__ - INFO - Weather in Berlin: 7.8
2023-11-08 22:18:10,454 - __main__ - INFO - Token value: 1234
2023-11-08 22:18:10,652 - __main__ - INFO - Weather in Berlin: 7.8
2023-11-08 22:31:23,872 - __main__ - INFO - Token value: 1234
2023-11-08 22:31:24,344 - __main__ - INFO - Weather in Berlin: 7.8
2023-11-08 22:44:24,497 - __main__ - INFO - Token value: 1234
2023-11-08 22:44:24,923 - __main__ - INFO - Weather in Berlin: 7.8
2023-11-08 22:57:40,385 - __main__ - INFO - Token value: 1234
2023-11-08 22:57:40,647 - __main__ - INFO - Weather in Berlin: 7.06
2023-11-08 23:18:43,771 - __main__ - INFO - Token value: 1234
2023-11-08 23:18:44,302 - __main__ - INFO - Weather in Berlin: 7.06
2023-11-08 23:32:13,894 - __main__ - INFO - Token value: 1234
2023-11-08 23:32:14,390 - __main__ - INFO - Weather in Berlin: 7.06
2023-11-08 23:45:39,849 - __main__ - INFO - Token value: 1234
2023-11-08 23:45:40,698 - __main__ - INFO - Weather in Berlin: 7.06
2023-11-08 23:58:48,925 - __main__ - INFO - Token value: 1234
2023-11-08 23:58:49,602 - __main__ - INFO - Weather in Berlin: 6.73
2023-11-09 01:21:27,971 - __main__ - INFO - Token value: 1234
2023-11-09 01:21:28,234 - __main__ - INFO - Weather in Berlin: 6.88
2023-11-09 02:04:52,039 - __main__ - INFO - Token value: 1234
2023-11-09 02:04:52,236 - __main__ - INFO - Weather in Berlin: 6.85
2023-11-09 02:29:32,975 - __main__ - INFO - Token value: 1234
2023-11-09 02:29:33,726 - __main__ - INFO - Weather in Berlin: 6.96
2023-11-09 02:42:29,752 - __main__ - INFO - Token value: 1234
2023-11-09 02:42:30,374 - __main__ - INFO - Weather in Berlin: 6.96
2023-11-09 02:55:23,563 - __main__ - INFO - Token value: 1234
2023-11-09 02:55:23,694 - __main__ - INFO - Weather in Berlin: 6.85
2023-11-09 03:18:18,062 - __main__ - INFO - Token value: 1234
2023-11-09 03:18:18,503 - __main__ - INFO - Weather in Berlin: 6.93
2023-11-09 03:31:43,204 - __main__ - INFO - Token value: 1234
2023-11-09 03:31:43,696 - __main__ - INFO - Weather in Berlin: 6.97
2023-11-09 03:45:01,070 - __main__ - INFO - Token value: 1234
2023-11-09 03:45:02,061 - __main__ - INFO - Weather in Berlin: 6.93
2023-11-09 03:58:14,342 - __main__ - INFO - Token value: 1234
2023-11-09 03:58:14,924 - __main__ - INFO - Weather in Berlin: 6.97
2023-11-09 04:23:18,645 - __main__ - INFO - Token value: 1234
2023-11-09 04:23:19,089 - __main__ - INFO - Weather in Berlin: 7.27
2023-11-09 04:37:23,039 - __main__ - INFO - Token value: 1234
2023-11-09 04:37:23,547 - __main__ - INFO - Weather in Berlin: 7.27
2023-11-09 04:50:27,032 - __main__ - INFO - Token value: 1234
2023-11-09 04:50:27,183 - __main__ - INFO - Weather in Berlin: 7.27
2023-11-09 05:09:07,699 - __main__ - INFO - Token value: 1234
2023-11-09 05:09:08,183 - __main__ - INFO - Weather in Berlin: 7.27
2023-11-09 05:26:40,262 - __main__ - INFO - Token value: 1234
2023-11-09 05:26:40,436 - __main__ - INFO - Weather in Berlin: 7.9
2023-11-09 05:39:40,598 - __main__ - INFO - Token value: 1234
2023-11-09 05:39:40,994 - __main__ - INFO - Weather in Berlin: 7.9
2023-11-09 05:52:56,959 - __main__ - INFO - Token value: 1234
2023-11-09 05:52:57,161 - __main__ - INFO - Weather in Berlin: 7.9
2023-11-09 06:18:19,475 - __main__ - INFO - Token value: 1234
2023-11-09 06:18:20,028 - __main__ - INFO - Weather in Berlin: 8.5
2023-11-09 06:32:54,238 - __main__ - INFO - Token value: 1234
2023-11-09 06:32:54,590 - __main__ - INFO - Weather in Berlin: 8.72
2023-11-09 06:45:53,438 - __main__ - INFO - Token value: 1234
2023-11-09 06:45:54,088 - __main__ - INFO - Weather in Berlin: 8.5
2023-11-09 06:59:03,242 - __main__ - INFO - Token value: 1234
2023-11-09 06:59:03,819 - __main__ - INFO - Weather in Berlin: 8.72
2023-11-09 07:17:18,801 - __main__ - INFO - Token value: 1234
2023-11-09 07:17:18,946 - __main__ - INFO - Weather in Berlin: 8.97
2023-11-09 07:30:28,473 - __main__ - INFO - Token value: 1234
2023-11-09 07:30:29,122 - __main__ - INFO - Weather in Berlin: 9.05
2023-11-09 07:43:27,513 - __main__ - INFO - Token value: 1234
2023-11-09 07:43:28,019 - __main__ - INFO - Weather in Berlin: 8.97
2023-11-09 07:56:36,834 - __main__ - INFO - Token value: 1234
2023-11-09 07:56:37,304 - __main__ - INFO - Weather in Berlin: 9.05
2023-11-09 08:23:11,157 - __main__ - INFO - Token value: 1234
2023-11-09 08:23:11,327 - __main__ - INFO - Weather in Berlin: 9.53
2023-11-09 08:36:26,237 - __main__ - INFO - Token value: 1234
2023-11-09 08:36:26,351 - __main__ - INFO - Weather in Berlin: 9.53
2023-11-09 08:49:48,739 - __main__ - INFO - Token value: 1234
2023-11-09 08:49:49,053 - __main__ - INFO - Weather in Berlin: 9.53
2023-11-09 09:09:05,621 - __main__ - INFO - Token value: 1234
2023-11-09 09:09:05,991 - __main__ - INFO - Weather in Berlin: 10.1
2023-11-09 09:23:48,396 - __main__ - INFO - Token value: 1234
2023-11-09 09:23:48,769 - __main__ - INFO - Weather in Berlin: 10.1
2023-11-09 09:36:59,695 - __main__ - INFO - Token value: 1234
2023-11-09 09:36:59,843 - __main__ - INFO - Weather in Berlin: 10.1
2023-11-09 09:50:18,707 - __main__ - INFO - Token value: 1234
2023-11-09 09:50:18,975 - __main__ - INFO - Weather in Berlin: 10.1
2023-11-09 10:10:18,166 - __main__ - INFO - Token value: 1234
2023-11-09 10:10:18,652 - __main__ - INFO - Weather in Berlin: 10.1
2023-11-09 10:30:04,625 - __main__ - INFO - Token value: 1234
2023-11-09 10:30:05,165 - __main__ - INFO - Weather in Berlin: 10.89
2023-11-09 10:43:10,168 - __main__ - INFO - Token value: 1234
2023-11-09 10:43:10,421 - __main__ - INFO - Weather in Berlin: 10.89
2023-11-09 10:56:00,923 - __main__ - INFO - Token value: 1234
2023-11-09 10:56:01,033 - __main__ - INFO - Weather in Berlin: 10.89
2023-11-09 11:15:15,420 - __main__ - INFO - Token value: 1234
2023-11-09 11:15:16,029 - __main__ - INFO - Weather in Berlin: 11.56
2023-11-09 11:28:19,518 - __main__ - INFO - Token value: 1234
2023-11-09 11:28:20,134 - __main__ - INFO - Weather in Berlin: 11.56
2023-11-09 11:41:37,266 - __main__ - INFO - Token value: 1234
2023-11-09 11:41:37,467 - __main__ - INFO - Weather in Berlin: 11.56
2023-11-09 11:54:46,036 - __main__ - INFO - Token value: 1234
2023-11-09 11:54:46,186 - __main__ - INFO - Weather in Berlin: 11.56
2023-11-09 12:33:12,176 - __main__ - INFO - Token value: 1234
2023-11-09 12:33:12,661 - __main__ - INFO - Weather in Berlin: 11.72
2023-11-09 12:55:32,284 - __main__ - INFO - Token value: 1234
2023-11-09 12:55:32,959 - __main__ - INFO - Weather in Berlin: 11.72
2023-11-09 13:24:42,425 - __main__ - INFO - Token value: 1234
2023-11-09 13:24:42,739 - __main__ - INFO - Weather in Berlin: 11.83
2023-11-09 13:38:11,353 - __main__ - INFO - Token value: 1234
2023-11-09 13:38:11,530 - __main__ - INFO - Weather in Berlin: 11.83
2023-11-09 13:51:18,964 - __main__ - INFO - Token value: 1234
2023-11-09 13:51:19,666 - __main__ - INFO - Weather in Berlin: 11.83
2023-11-09 14:10:24,145 - __main__ - INFO - Token value: 1234
2023-11-09 14:10:24,874 - __main__ - INFO - Weather in Berlin: 11.83
2023-11-09 14:28:05,652 - __main__ - INFO - Token value: 1234
2023-11-09 14:28:05,814 - __main__ - INFO - Weather in Berlin: 11.06
2023-11-09 14:41:26,940 - __main__ - INFO - Token value: 1234
2023-11-09 14:41:27,417 - __main__ - INFO - Weather in Berlin: 11.06
2023-11-09 14:54:29,904 - __main__ - INFO - Token value: 1234
2023-11-09 14:54:30,449 - __main__ - INFO - Weather in Berlin: 11.06
2023-11-09 15:17:08,962 - __main__ - INFO - Token value: 1234
2023-11-09 15:17:09,599 - __main__ - INFO - Weather in Berlin: 11.06
2023-11-09 15:30:12,959 - __main__ - INFO - Token value: 1234
2023-11-09 15:30:13,381 - __main__ - INFO - Weather in Berlin: 10.9
2023-11-09 15:43:25,108 - __main__ - INFO - Token value: 1234
2023-11-09 15:43:25,352 - __main__ - INFO - Weather in Berlin: 10.88
2023-11-09 15:56:23,700 - __main__ - INFO - Token value: 1234
2023-11-09 15:56:23,904 - __main__ - INFO - Weather in Berlin: 10.9
2023-11-09 16:24:43,681 - __main__ - INFO - Token value: 1234
2023-11-09 16:24:43,883 - __main__ - INFO - Weather in Berlin: 10.88
2023-11-09 16:40:55,244 - __main__ - INFO - Token value: 1234
2023-11-09 16:40:55,411 - __main__ - INFO - Weather in Berlin: 10.88
2023-11-09 16:53:51,147 - __main__ - INFO - Token value: 1234
2023-11-09 16:53:51,290 - __main__ - INFO - Weather in Berlin: 10.71
2023-11-09 17:14:10,197 - __main__ - INFO - Token value: 1234
2023-11-09 17:14:10,385 - __main__ - INFO - Weather in Berlin: 10.71
2023-11-09 17:28:24,684 - __main__ - INFO - Token value: 1234
2023-11-09 17:28:25,213 - __main__ - INFO - Weather in Berlin: 10.81
2023-11-09 17:41:24,009 - __main__ - INFO - Token value: 1234
2023-11-09 17:41:24,447 - __main__ - INFO - Weather in Berlin: 10.81
2023-11-09 17:54:25,262 - __main__ - INFO - Token value: 1234
2023-11-09 17:54:25,431 - __main__ - INFO - Weather in Berlin: 10.64
2023-11-09 18:20:57,151 - __main__ - INFO - Token value: 1234
2023-11-09 18:20:57,256 - __main__ - INFO - Weather in Berlin: 10.64
2023-11-09 18:35:13,466 - __main__ - INFO - Token value: 1234
2023-11-09 18:35:13,651 - __main__ - INFO - Weather in Berlin: 10.64
2023-11-09 18:48:31,666 - __main__ - INFO - Token value: 1234
2023-11-09 18:48:32,184 - __main__ - INFO - Weather in Berlin: 10.5
2023-11-09 19:04:37,697 - __main__ - INFO - Token value: 1234
2023-11-09 19:04:38,500 - __main__ - INFO - Weather in Berlin: 10.52
2023-11-09 19:17:40,030 - __main__ - INFO - Token value: 1234
2023-11-09 19:17:40,577 - __main__ - INFO - Weather in Berlin: 10.5
2023-11-09 19:31:04,196 - __main__ - INFO - Token value: 1234
2023-11-09 19:31:04,408 - __main__ - INFO - Weather in Berlin: 10.52
2023-11-09 19:44:01,642 - __main__ - INFO - Token value: 1234
2023-11-09 19:44:01,885 - __main__ - INFO - Weather in Berlin: 10.52
2023-11-09 19:57:14,063 - __main__ - INFO - Token value: 1234
2023-11-09 19:57:14,322 - __main__ - INFO - Weather in Berlin: 10.46
2023-11-09 20:20:01,314 - __main__ - INFO - Token value: 1234
2023-11-09 20:20:01,813 - __main__ - INFO - Weather in Berlin: 10.46
2023-11-09 20:33:54,617 - __main__ - INFO - Token value: 1234
2023-11-09 20:33:55,167 - __main__ - INFO - Weather in Berlin: 10.46
2023-11-09 20:46:52,661 - __main__ - INFO - Token value: 1234
2023-11-09 20:46:52,804 - __main__ - INFO - Weather in Berlin: 10.39
2023-11-09 21:00:08,324 - __main__ - INFO - Token value: 1234
2023-11-09 21:00:08,805 - __main__ - INFO - Weather in Berlin: 10.13
2023-11-09 21:17:32,654 - __main__ - INFO - Token value: 1234
2023-11-09 21:17:33,055 - __main__ - INFO - Weather in Berlin: 9.9
2023-11-09 21:30:48,824 - __main__ - INFO - Token value: 1234
2023-11-09 21:30:49,407 - __main__ - INFO - Weather in Berlin: 10.13
2023-11-09 21:44:01,065 - __main__ - INFO - Token value: 1234
2023-11-09 21:44:01,652 - __main__ - INFO - Weather in Berlin: 10.13
2023-11-09 21:56:56,881 - __main__ - INFO - Token value: 1234
2023-11-09 21:56:57,129 - __main__ - INFO - Weather in Berlin: 9.83
2023-11-09 22:18:54,130 - __main__ - INFO - Token value: 1234
2023-11-09 22:18:54,657 - __main__ - INFO - Weather in Berlin: 9.74
2023-11-09 22:32:10,578 - __main__ - INFO - Token value: 1234
2023-11-09 22:32:11,131 - __main__ - INFO - Weather in Berlin: 9.83
2023-11-09 22:45:24,228 - __main__ - INFO - Token value: 1234
2023-11-09 22:45:24,417 - __main__ - INFO - Weather in Berlin: 9.83
2023-11-09 22:58:38,734 - __main__ - INFO - Token value: 1234
2023-11-09 22:58:39,269 - __main__ - INFO - Weather in Berlin: 9.67
2023-11-09 23:19:37,780 - __main__ - INFO - Token value: 1234
2023-11-09 23:19:38,420 - __main__ - INFO - Weather in Berlin: 9.53
2023-11-09 23:33:12,551 - __main__ - INFO - Token value: 1234
2023-11-09 23:33:13,095 - __main__ - INFO - Weather in Berlin: 9.67
2023-11-09 23:46:29,324 - __main__ - INFO - Token value: 1234
2023-11-09 23:46:29,607 - __main__ - INFO - Weather in Berlin: 9.53
2023-11-09 23:59:43,164 - __main__ - INFO - Token value: 1234
2023-11-09 23:59:43,977 - __main__ - INFO - Weather in Berlin: 9.28
2023-11-10 01:21:36,530 - __main__ - INFO - Token value: 1234
2023-11-10 01:21:37,037 - __main__ - INFO - Weather in Berlin: 8.68
2023-11-10 02:04:50,183 - __main__ - INFO - Token value: 1234
2023-11-10 02:04:50,384 - __main__ - INFO - Weather in Berlin: 8.33
2023-11-10 02:30:05,084 - __main__ - INFO - Token value: 1234
2023-11-10 02:30:05,545 - __main__ - INFO - Weather in Berlin: 8.12
2023-11-10 02:43:07,956 - __main__ - INFO - Token value: 1234
2023-11-10 02:43:08,477 - __main__ - INFO - Weather in Berlin: 8.12
2023-11-10 02:56:11,081 - __main__ - INFO - Token value: 1234
2023-11-10 02:56:11,185 - __main__ - INFO - Weather in Berlin: 8.12
2023-11-10 03:18:55,494 - __main__ - INFO - Token value: 1234
2023-11-10 03:18:55,831 - __main__ - INFO - Weather in Berlin: 7.97
2023-11-10 03:32:40,971 - __main__ - INFO - Token value: 1234
2023-11-10 03:32:41,535 - __main__ - INFO - Weather in Berlin: 7.97
2023-11-10 03:45:38,774 - __main__ - INFO - Token value: 1234
2023-11-10 03:45:39,295 - __main__ - INFO - Weather in Berlin: 7.97
2023-11-10 03:58:51,006 - __main__ - INFO - Token value: 1234
2023-11-10 03:58:51,594 - __main__ - INFO - Weather in Berlin: 7.97
2023-11-10 04:23:26,793 - __main__ - INFO - Token value: 1234
2023-11-10 04:23:27,276 - __main__ - INFO - Weather in Berlin: 7.98
2023-11-10 04:36:40,857 - __main__ - INFO - Token value: 1234
2023-11-10 04:36:40,991 - __main__ - INFO - Weather in Berlin: 7.98
2023-11-10 04:49:47,249 - __main__ - INFO - Token value: 1234
2023-11-10 04:49:47,387 - __main__ - INFO - Weather in Berlin: 7.87
2023-11-10 05:08:43,830 - __main__ - INFO - Token value: 1234
2023-11-10 05:08:44,031 - __main__ - INFO - Weather in Berlin: 7.87
2023-11-10 05:26:34,691 - __main__ - INFO - Token value: 1234
2023-11-10 05:26:35,236 - __main__ - INFO - Weather in Berlin: 8.28
2023-11-10 05:39:34,796 - __main__ - INFO - Token value: 1234
2023-11-10 05:39:35,441 - __main__ - INFO - Weather in Berlin: 8.28
2023-11-10 05:52:46,092 - __main__ - INFO - Token value: 1234
2023-11-10 05:52:46,780 - __main__ - INFO - Weather in Berlin: 8.28
2023-11-10 06:18:06,087 - __main__ - INFO - Token value: 1234
2023-11-10 06:18:06,614 - __main__ - INFO - Weather in Berlin: 8.19
2023-11-10 06:32:52,559 - __main__ - INFO - Token value: 1234
2023-11-10 06:32:53,027 - __main__ - INFO - Weather in Berlin: 8.19
2023-11-10 06:46:10,072 - __main__ - INFO - Token value: 1234
2023-11-10 06:46:10,598 - __main__ - INFO - Weather in Berlin: 8.19
2023-11-10 06:59:00,161 - __main__ - INFO - Token value: 1234
2023-11-10 06:59:00,856 - __main__ - INFO - Weather in Berlin: 8.19
2023-11-10 07:17:16,943 - __main__ - INFO - Token value: 1234
2023-11-10 07:17:17,129 - __main__ - INFO - Weather in Berlin: 8.19
2023-11-10 07:30:12,298 - __main__ - INFO - Token value: 1234
2023-11-10 07:30:12,483 - __main__ - INFO - Weather in Berlin: 8.19
2023-11-10 07:43:17,812 - __main__ - INFO - Token value: 1234
2023-11-10 07:43:18,596 - __main__ - INFO - Weather in Berlin: 8.19
2023-11-10 07:56:12,094 - __main__ - INFO - Token value: 1234
2023-11-10 07:56:12,202 - __main__ - INFO - Weather in Berlin: 8.19
2023-11-10 08:22:49,865 - __main__ - INFO - Token value: 1234
2023-11-10 08:22:50,195 - __main__ - INFO - Weather in Berlin: 8.67
2023-11-10 08:36:03,857 - __main__ - INFO - Token value: 1234
2023-11-10 08:36:04,334 - __main__ - INFO - Weather in Berlin: 8.67
2023-11-10 08:49:22,533 - __main__ - INFO - Token value: 1234
2023-11-10 08:49:22,880 - __main__ - INFO - Weather in Berlin: 8.65
2023-11-10 09:08:04,116 - __main__ - INFO - Token value: 1234
2023-11-10 09:08:04,584 - __main__ - INFO - Weather in Berlin: 8.67
2023-11-10 09:23:00,121 - __main__ - INFO - Token value: 1234
2023-11-10 09:23:00,455 - __main__ - INFO - Weather in Berlin: 9.94
2023-11-10 09:36:39,035 - __main__ - INFO - Token value: 1234
2023-11-10 09:36:39,419 - __main__ - INFO - Weather in Berlin: 9.94
2023-11-10 09:49:37,810 - __main__ - INFO - Token value: 1234
2023-11-10 09:49:37,915 - __main__ - INFO - Weather in Berlin: 9.94
2023-11-10 10:09:29,481 - __main__ - INFO - Token value: 1234
2023-11-10 10:09:29,973 - __main__ - INFO - Weather in Berlin: 9.94
2023-11-10 10:29:41,296 - __main__ - INFO - Token value: 1234
2023-11-10 10:29:41,693 - __main__ - INFO - Weather in Berlin: 10.75
2023-11-10 10:42:45,182 - __main__ - INFO - Token value: 1234
2023-11-10 10:42:45,338 - __main__ - INFO - Weather in Berlin: 10.75
2023-11-10 10:56:02,703 - __main__ - INFO - Token value: 1234
2023-11-10 10:56:05,278 - __main__ - INFO - Weather in Berlin: 10.75
2023-11-10 11:15:21,888 - __main__ - INFO - Token value: 1234
2023-11-10 11:15:22,463 - __main__ - INFO - Weather in Berlin: 10.82
2023-11-10 11:28:29,856 - __main__ - INFO - Token value: 1234
2023-11-10 11:28:30,008 - __main__ - INFO - Weather in Berlin: 10.82
2023-11-10 11:41:42,335 - __main__ - INFO - Token value: 1234
2023-11-10 11:41:42,804 - __main__ - INFO - Weather in Berlin: 10.82
2023-11-10 11:54:54,390 - __main__ - INFO - Token value: 1234
2023-11-10 11:54:54,572 - __main__ - INFO - Weather in Berlin: 10.82
2023-11-10 12:33:17,126 - __main__ - INFO - Token value: 1234
2023-11-10 12:33:17,598 - __main__ - INFO - Weather in Berlin: 10.85
2023-11-10 12:55:55,185 - __main__ - INFO - Token value: 1234
2023-11-10 12:55:55,329 - __main__ - INFO - Weather in Berlin: 10.85
2023-11-10 13:21:39,945 - __main__ - INFO - Token value: 1234
2023-11-10 13:21:40,339 - __main__ - INFO - Weather in Berlin: 10.91
2023-11-10 13:35:15,069 - __main__ - INFO - Token value: 1234
2023-11-10 13:35:15,427 - __main__ - INFO - Weather in Berlin: 10.91
2023-11-10 13:48:13,829 - __main__ - INFO - Token value: 1234
2023-11-10 13:48:13,976 - __main__ - INFO - Weather in Berlin: 10.91
2023-11-10 14:05:01,477 - __main__ - INFO - Token value: 1234
2023-11-10 14:05:01,839 - __main__ - INFO - Weather in Berlin: 10.91
2023-11-10 14:25:19,949 - __main__ - INFO - Token value: 1234
2023-11-10 14:25:20,439 - __main__ - INFO - Weather in Berlin: 10.64
2023-11-10 14:38:44,514 - __main__ - INFO - Token value: 1234
2023-11-10 14:38:45,000 - __main__ - INFO - Weather in Berlin: 10.64
2023-11-10 14:51:39,640 - __main__ - INFO - Token value: 1234
2023-11-10 14:51:40,100 - __main__ - INFO - Weather in Berlin: 10.59
2023-11-10 15:12:21,718 - __main__ - INFO - Token value: 1234
2023-11-10 15:12:22,203 - __main__ - INFO - Weather in Berlin: 10.64
2023-11-10 15:26:21,562 - __main__ - INFO - Token value: 1234
2023-11-10 15:26:22,022 - __main__ - INFO - Weather in Berlin: 9.97
2023-11-10 15:39:19,019 - __main__ - INFO - Token value: 1234
2023-11-10 15:39:19,793 - __main__ - INFO - Weather in Berlin: 9.97
2023-11-10 15:52:33,908 - __main__ - INFO - Token value: 1234
2023-11-10 15:52:34,438 - __main__ - INFO - Weather in Berlin: 9.97
2023-11-10 16:17:32,458 - __main__ - INFO - Token value: 1234
2023-11-10 16:17:32,726 - __main__ - INFO - Weather in Berlin: 9.97
2023-11-10 16:36:06,032 - __main__ - INFO - Token value: 1234
2023-11-10 16:36:06,176 - __main__ - INFO - Weather in Berlin: 9.41
2023-11-10 16:49:09,543 - __main__ - INFO - Token value: 1234
2023-11-10 16:49:09,696 - __main__ - INFO - Weather in Berlin: 9.27
2023-11-10 17:07:14,463 - __main__ - INFO - Token value: 1234
2023-11-10 17:07:14,602 - __main__ - INFO - Weather in Berlin: 9.41
2023-11-10 17:25:36,175 - __main__ - INFO - Token value: 1234
2023-11-10 17:25:36,318 - __main__ - INFO - Weather in Berlin: 9.41
2023-11-10 17:38:59,695 - __main__ - INFO - Token value: 1234
2023-11-10 17:39:00,211 - __main__ - INFO - Weather in Berlin: 9.02
2023-11-10 17:52:18,146 - __main__ - INFO - Token value: 1234
2023-11-10 17:52:18,292 - __main__ - INFO - Weather in Berlin: 9.02
2023-11-10 18:16:10,788 - __main__ - INFO - Token value: 1234
2023-11-10 18:16:10,935 - __main__ - INFO - Weather in Berlin: 9.02
2023-11-10 18:30:51,330 - __main__ - INFO - Token value: 1234
2023-11-10 18:30:51,921 - __main__ - INFO - Weather in Berlin: 9.02
2023-11-10 18:43:45,777 - __main__ - INFO - Token value: 1234
2023-11-10 18:43:46,450 - __main__ - INFO - Weather in Berlin: 8.69
2023-11-10 18:56:41,589 - __main__ - INFO - Token value: 1234
2023-11-10 18:56:41,863 - __main__ - INFO - Weather in Berlin: 8.85
2023-11-10 19:14:50,337 - __main__ - INFO - Token value: 1234
2023-11-10 19:14:50,489 - __main__ - INFO - Weather in Berlin: 8.85
2023-11-10 19:28:00,597 - __main__ - INFO - Token value: 1234
2023-11-10 19:28:00,704 - __main__ - INFO - Weather in Berlin: 8.69
2023-11-10 19:41:04,549 - __main__ - INFO - Token value: 1234
2023-11-10 19:41:04,895 - __main__ - INFO - Weather in Berlin: 8.69
2023-11-10 19:54:16,043 - __main__ - INFO - Token value: 1234
2023-11-10 19:54:16,920 - __main__ - INFO - Weather in Berlin: 7.92
2023-11-10 20:16:48,603 - __main__ - INFO - Token value: 1234
2023-11-10 20:16:48,710 - __main__ - INFO - Weather in Berlin: 8.04
2023-11-10 20:30:05,064 - __main__ - INFO - Token value: 1234
2023-11-10 20:30:05,621 - __main__ - INFO - Weather in Berlin: 8.04
2023-11-10 20:43:16,812 - __main__ - INFO - Token value: 1234
2023-11-10 20:43:17,333 - __main__ - INFO - Weather in Berlin: 7.92
2023-11-10 20:56:33,965 - __main__ - INFO - Token value: 1234
2023-11-10 20:56:34,704 - __main__ - INFO - Weather in Berlin: 7.44
2023-11-10 21:15:50,606 - __main__ - INFO - Token value: 1234
2023-11-10 21:15:51,537 - __main__ - INFO - Weather in Berlin: 7.44
2023-11-10 21:29:02,624 - __main__ - INFO - Token value: 1234
2023-11-10 21:29:03,034 - __main__ - INFO - Weather in Berlin: 7.33
2023-11-10 21:42:15,258 - __main__ - INFO - Token value: 1234
2023-11-10 21:42:15,938 - __main__ - INFO - Weather in Berlin: 7.33
2023-11-10 21:55:17,050 - __main__ - INFO - Token value: 1234
2023-11-10 21:55:17,742 - __main__ - INFO - Weather in Berlin: 6.96
2023-11-10 22:17:10,843 - __main__ - INFO - Token value: 1234
2023-11-10 22:17:11,023 - __main__ - INFO - Weather in Berlin: 6.96
2023-11-10 22:30:02,730 - __main__ - INFO - Token value: 1234
2023-11-10 22:30:07,553 - __main__ - INFO - Weather in Berlin: 6.96
2023-11-10 22:43:04,004 - __main__ - INFO - Token value: 1234
2023-11-10 22:43:04,497 - __main__ - INFO - Weather in Berlin: 6.96
2023-11-10 22:55:58,581 - __main__ - INFO - Token value: 1234
2023-11-10 22:55:58,968 - __main__ - INFO - Weather in Berlin: 5.79
2023-11-10 23:17:35,271 - __main__ - INFO - Token value: 1234
2023-11-10 23:17:35,407 - __main__ - INFO - Weather in Berlin: 5.78
2023-11-10 23:30:51,303 - __main__ - INFO - Token value: 1234
2023-11-10 23:30:51,888 - __main__ - INFO - Weather in Berlin: 5.78
2023-11-10 23:43:57,634 - __main__ - INFO - Token value: 1234
2023-11-10 23:43:58,139 - __main__ - INFO - Weather in Berlin: 5.78
2023-11-10 23:56:55,148 - __main__ - INFO - Token value: 1234
2023-11-10 23:56:55,625 - __main__ - INFO - Weather in Berlin: 5.78
2023-11-11 02:17:10,224 - __main__ - INFO - Token value: 1234
2023-11-11 02:17:10,752 - __main__ - INFO - Weather in Berlin: 5.54
2023-11-11 02:36:35,301 - __main__ - INFO - Token value: 1234
2023-11-11 02:36:35,898 - __main__ - INFO - Weather in Berlin: 5.54
2023-11-11 03:02:49,903 - __main__ - INFO - Token value: 1234
2023-11-11 03:02:50,049 - __main__ - INFO - Weather in Berlin: 4.93
2023-11-11 03:23:34,790 - __main__ - INFO - Token value: 1234
2023-11-11 03:23:35,095 - __main__ - INFO - Weather in Berlin: 4.93
2023-11-11 03:36:47,795 - __main__ - INFO - Token value: 1234
2023-11-11 03:36:47,974 - __main__ - INFO - Weather in Berlin: 4.93
2023-11-11 03:50:00,927 - __main__ - INFO - Token value: 1234
2023-11-11 03:50:01,293 - __main__ - INFO - Weather in Berlin: 4.44
2023-11-11 04:10:53,006 - __main__ - INFO - Token value: 1234
2023-11-11 04:10:53,396 - __main__ - INFO - Weather in Berlin: 4.44
2023-11-11 04:28:41,457 - __main__ - INFO - Token value: 1234
2023-11-11 04:28:42,067 - __main__ - INFO - Weather in Berlin: 4.44
2023-11-11 04:41:32,097 - __main__ - INFO - Token value: 1234
2023-11-11 04:41:32,597 - __main__ - INFO - Weather in Berlin: 4.44
2023-11-11 04:54:29,929 - __main__ - INFO - Token value: 1234
2023-11-11 04:54:30,788 - __main__ - INFO - Weather in Berlin: 4.41
2023-11-11 05:14:43,821 - __main__ - INFO - Token value: 1234
2023-11-11 05:14:44,401 - __main__ - INFO - Weather in Berlin: 4.41
2023-11-11 05:28:02,461 - __main__ - INFO - Token value: 1234
2023-11-11 05:28:03,742 - __main__ - INFO - Weather in Berlin: 4.41
2023-11-11 05:41:04,255 - __main__ - INFO - Token value: 1234
2023-11-11 05:41:05,405 - __main__ - INFO - Weather in Berlin: 4.41
2023-11-11 05:54:03,153 - __main__ - INFO - Token value: 1234
2023-11-11 05:54:03,561 - __main__ - INFO - Weather in Berlin: 4.45
2023-11-11 06:19:23,297 - __main__ - INFO - Token value: 1234
2023-11-11 06:19:24,011 - __main__ - INFO - Weather in Berlin: 4.45
2023-11-11 06:32:52,376 - __main__ - INFO - Token value: 1234
2023-11-11 06:32:52,749 - __main__ - INFO - Weather in Berlin: 4.45
2023-11-11 06:46:02,914 - __main__ - INFO - Token value: 1234
2023-11-11 06:46:03,197 - __main__ - INFO - Weather in Berlin: 4.45
2023-11-11 06:59:05,379 - __main__ - INFO - Token value: 1234
2023-11-11 06:59:05,525 - __main__ - INFO - Weather in Berlin: 4.55
2023-11-11 07:16:34,448 - __main__ - INFO - Token value: 1234
2023-11-11 07:16:34,922 - __main__ - INFO - Weather in Berlin: 4.49
2023-11-11 07:29:55,676 - __main__ - INFO - Token value: 1234
2023-11-11 07:29:56,473 - __main__ - INFO - Weather in Berlin: 4.49
2023-11-11 07:42:52,593 - __main__ - INFO - Token value: 1234
2023-11-11 07:42:52,890 - __main__ - INFO - Weather in Berlin: 4.55
2023-11-11 07:55:50,817 - __main__ - INFO - Token value: 1234
2023-11-11 07:55:51,438 - __main__ - INFO - Weather in Berlin: 5.29
2023-11-11 08:21:06,201 - __main__ - INFO - Token value: 1234
2023-11-11 08:21:06,900 - __main__ - INFO - Weather in Berlin: 5.29
2023-11-11 08:34:45,855 - __main__ - INFO - Token value: 1234
2023-11-11 08:34:46,296 - __main__ - INFO - Weather in Berlin: 5.29
2023-11-11 08:48:05,957 - __main__ - INFO - Token value: 1234
2023-11-11 08:48:06,537 - __main__ - INFO - Weather in Berlin: 5.29
2023-11-11 09:03:39,397 - __main__ - INFO - Token value: 1234
2023-11-11 09:03:39,971 - __main__ - INFO - Weather in Berlin: 6.2
2023-11-11 09:19:23,086 - __main__ - INFO - Token value: 1234
2023-11-11 09:19:23,558 - __main__ - INFO - Weather in Berlin: 6.2
2023-11-11 09:32:53,114 - __main__ - INFO - Token value: 1234
2023-11-11 09:32:53,260 - __main__ - INFO - Weather in Berlin: 6.2
2023-11-11 09:45:57,829 - __main__ - INFO - Token value: 1234
2023-11-11 09:45:58,610 - __main__ - INFO - Weather in Berlin: 6.2
2023-11-11 09:59:13,478 - __main__ - INFO - Token value: 1234
2023-11-11 09:59:14,075 - __main__ - INFO - Weather in Berlin: 6.2
2023-11-11 10:21:37,176 - __main__ - INFO - Token value: 1234
2023-11-11 10:21:37,322 - __main__ - INFO - Weather in Berlin: 7.41
2023-11-11 10:34:46,305 - __main__ - INFO - Token value: 1234
2023-11-11 10:34:46,414 - __main__ - INFO - Weather in Berlin: 7.41
2023-11-11 10:47:51,782 - __main__ - INFO - Token value: 1234
2023-11-11 10:47:52,366 - __main__ - INFO - Weather in Berlin: 7.41
2023-11-11 11:01:44,511 - __main__ - INFO - Token value: 1234
2023-11-11 11:01:45,100 - __main__ - INFO - Weather in Berlin: 7.41
2023-11-11 11:16:00,966 - __main__ - INFO - Token value: 1234
2023-11-11 11:16:03,991 - __main__ - INFO - Weather in Berlin: 8.52
2023-11-11 11:29:13,212 - __main__ - INFO - Token value: 1234
2023-11-11 11:29:13,916 - __main__ - INFO - Weather in Berlin: 8.41
2023-11-11 11:42:11,106 - __main__ - INFO - Token value: 1234
2023-11-11 11:42:11,624 - __main__ - INFO - Weather in Berlin: 8.52
2023-11-11 11:55:11,591 - __main__ - INFO - Token value: 1234
2023-11-11 11:55:11,704 - __main__ - INFO - Weather in Berlin: 8.41
2023-11-11 12:31:43,500 - __main__ - INFO - Token value: 1234
2023-11-11 12:31:44,033 - __main__ - INFO - Weather in Berlin: 9.08
2023-11-11 12:52:29,929 - __main__ - INFO - Token value: 1234
2023-11-11 12:52:30,225 - __main__ - INFO - Weather in Berlin: 9.08
2023-11-11 13:14:15,450 - __main__ - INFO - Token value: 1234
2023-11-11 13:14:15,619 - __main__ - INFO - Weather in Berlin: 9.15
2023-11-11 13:27:11,692 - __main__ - INFO - Token value: 1234
2023-11-11 13:27:12,304 - __main__ - INFO - Weather in Berlin: 9.15
2023-11-11 13:40:24,170 - __main__ - INFO - Token value: 1234
2023-11-11 13:40:24,650 - __main__ - INFO - Weather in Berlin: 9.15
2023-11-11 13:53:24,764 - __main__ - INFO - Token value: 1234
2023-11-11 13:53:24,902 - __main__ - INFO - Weather in Berlin: 9.15
2023-11-11 14:11:58,468 - __main__ - INFO - Token value: 1234
2023-11-11 14:11:58,608 - __main__ - INFO - Weather in Berlin: 8.83
2023-11-11 14:26:17,338 - __main__ - INFO - Token value: 1234
2023-11-11 14:26:17,843 - __main__ - INFO - Weather in Berlin: 8.77
2023-11-11 14:39:26,386 - __main__ - INFO - Token value: 1234
2023-11-11 14:39:26,849 - __main__ - INFO - Weather in Berlin: 8.83
2023-11-11 14:52:14,468 - __main__ - INFO - Token value: 1234
2023-11-11 14:52:14,784 - __main__ - INFO - Weather in Berlin: 8.77
2023-11-11 15:11:44,863 - __main__ - INFO - Token value: 1234
2023-11-11 15:11:45,534 - __main__ - INFO - Weather in Berlin: 8.2
2023-11-11 15:24:50,337 - __main__ - INFO - Token value: 1234
2023-11-11 15:24:50,862 - __main__ - INFO - Weather in Berlin: 8.2
2023-11-11 15:38:06,363 - __main__ - INFO - Token value: 1234
2023-11-11 15:38:06,837 - __main__ - INFO - Weather in Berlin: 8.2
2023-11-11 15:51:07,010 - __main__ - INFO - Token value: 1234
2023-11-11 15:51:07,698 - __main__ - INFO - Weather in Berlin: 7.81
2023-11-11 16:12:50,712 - __main__ - INFO - Token value: 1234
2023-11-11 16:12:51,264 - __main__ - INFO - Weather in Berlin: 7.81
2023-11-11 16:30:43,568 - __main__ - INFO - Token value: 1234
2023-11-11 16:30:43,911 - __main__ - INFO - Weather in Berlin: 7.24
2023-11-11 16:43:40,902 - __main__ - INFO - Token value: 1234
2023-11-11 16:43:41,094 - __main__ - INFO - Weather in Berlin: 7.42
2023-11-11 16:56:53,841 - __main__ - INFO - Token value: 1234
2023-11-11 16:56:53,991 - __main__ - INFO - Weather in Berlin: 7.42
2023-11-11 17:16:34,432 - __main__ - INFO - Token value: 1234
2023-11-11 17:16:34,695 - __main__ - INFO - Weather in Berlin: 7.11
2023-11-11 17:29:38,720 - __main__ - INFO - Token value: 1234
2023-11-11 17:29:39,263 - __main__ - INFO - Weather in Berlin: 7.24
2023-11-11 17:42:37,438 - __main__ - INFO - Token value: 1234
2023-11-11 17:42:37,932 - __main__ - INFO - Weather in Berlin: 7.11
2023-11-11 17:55:45,660 - __main__ - INFO - Token value: 1234
2023-11-11 17:55:46,065 - __main__ - INFO - Weather in Berlin: 7.11
2023-11-11 18:21:27,225 - __main__ - INFO - Token value: 1234
2023-11-11 18:21:27,827 - __main__ - INFO - Weather in Berlin: 7.0
2023-11-11 18:34:49,130 - __main__ - INFO - Token value: 1234
2023-11-11 18:34:49,591 - __main__ - INFO - Weather in Berlin: 6.99
2023-11-11 18:48:07,579 - __main__ - INFO - Token value: 1234
2023-11-11 18:48:07,839 - __main__ - INFO - Weather in Berlin: 6.99
2023-11-11 19:02:48,718 - __main__ - INFO - Token value: 1234
2023-11-11 19:02:48,833 - __main__ - INFO - Weather in Berlin: 6.72
2023-11-11 19:16:01,154 - __main__ - INFO - Token value: 1234
2023-11-11 19:16:01,584 - __main__ - INFO - Weather in Berlin: 6.99
2023-11-11 19:29:04,488 - __main__ - INFO - Token value: 1234
2023-11-11 19:29:04,841 - __main__ - INFO - Weather in Berlin: 6.68
2023-11-11 19:42:10,448 - __main__ - INFO - Token value: 1234
2023-11-11 19:42:10,592 - __main__ - INFO - Weather in Berlin: 6.68
2023-11-11 19:55:30,090 - __main__ - INFO - Token value: 1234
2023-11-11 19:55:30,238 - __main__ - INFO - Weather in Berlin: 6.75
2023-11-11 20:17:37,907 - __main__ - INFO - Token value: 1234
2023-11-11 20:17:38,079 - __main__ - INFO - Weather in Berlin: 6.68
2023-11-11 20:31:05,436 - __main__ - INFO - Token value: 1234
2023-11-11 20:31:05,603 - __main__ - INFO - Weather in Berlin: 6.41
2023-11-11 20:44:10,074 - __main__ - INFO - Token value: 1234
2023-11-11 20:44:10,605 - __main__ - INFO - Weather in Berlin: 6.41
2023-11-11 20:57:14,010 - __main__ - INFO - Token value: 1234
2023-11-11 20:57:14,627 - __main__ - INFO - Weather in Berlin: 6.36
2023-11-11 21:15:27,937 - __main__ - INFO - Token value: 1234
2023-11-11 21:15:28,525 - __main__ - INFO - Weather in Berlin: 6.41
2023-11-11 21:28:36,491 - __main__ - INFO - Token value: 1234
2023-11-11 21:28:36,697 - __main__ - INFO - Weather in Berlin: 6.29
2023-11-11 21:41:43,720 - __main__ - INFO - Token value: 1234
2023-11-11 21:41:44,297 - __main__ - INFO - Weather in Berlin: 6.36
2023-11-11 21:54:41,316 - __main__ - INFO - Token value: 1234
2023-11-11 21:54:41,462 - __main__ - INFO - Weather in Berlin: 6.29
2023-11-11 22:15:00,371 - __main__ - INFO - Token value: 1234
2023-11-11 22:15:00,850 - __main__ - INFO - Weather in Berlin: 6.33
2023-11-11 22:28:32,971 - __main__ - INFO - Token value: 1234
2023-11-11 22:28:33,575 - __main__ - INFO - Weather in Berlin: 6.33
2023-11-11 22:41:36,462 - __main__ - INFO - Token value: 1234
2023-11-11 22:41:37,023 - __main__ - INFO - Weather in Berlin: 6.12
2023-11-11 22:54:36,856 - __main__ - INFO - Token value: 1234
2023-11-11 22:54:37,676 - __main__ - INFO - Weather in Berlin: 6.1
2023-11-11 23:15:53,462 - __main__ - INFO - Token value: 1234
2023-11-11 23:15:53,647 - __main__ - INFO - Weather in Berlin: 6.1
2023-11-11 23:29:12,488 - __main__ - INFO - Token value: 1234
2023-11-11 23:29:12,674 - __main__ - INFO - Weather in Berlin: 6.12
2023-11-11 23:42:25,244 - __main__ - INFO - Token value: 1234
2023-11-11 23:42:25,932 - __main__ - INFO - Weather in Berlin: 6.1
2023-11-11 23:55:33,247 - __main__ - INFO - Token value: 1234
2023-11-11 23:55:33,775 - __main__ - INFO - Weather in Berlin: 6.02
2023-11-12 01:24:44,551 - __main__ - INFO - Token value: 1234
2023-11-12 01:24:44,855 - __main__ - INFO - Weather in Berlin: 5.99
2023-11-12 02:10:20,238 - __main__ - INFO - Token value: 1234
2023-11-12 02:10:20,499 - __main__ - INFO - Weather in Berlin: 6.09
2023-11-12 02:33:43,727 - __main__ - INFO - Token value: 1234
2023-11-12 02:33:44,178 - __main__ - INFO - Weather in Berlin: 5.99
2023-11-12 02:46:51,560 - __main__ - INFO - Token value: 1234
2023-11-12 02:46:52,014 - __main__ - INFO - Weather in Berlin: 6.06
2023-11-12 02:59:59,666 - __main__ - INFO - Token value: 1234
2023-11-12 02:59:59,877 - __main__ - INFO - Weather in Berlin: 6.07
2023-11-12 03:19:59,818 - __main__ - INFO - Token value: 1234
2023-11-12 03:20:00,333 - __main__ - INFO - Weather in Berlin: 6.07
2023-11-12 03:33:26,428 - __main__ - INFO - Token value: 1234
2023-11-12 03:33:27,103 - __main__ - INFO - Weather in Berlin: 6.06
2023-11-12 03:46:44,646 - __main__ - INFO - Token value: 1234
2023-11-12 03:46:44,753 - __main__ - INFO - Weather in Berlin: 6.07
2023-11-12 03:59:39,623 - __main__ - INFO - Token value: 1234
2023-11-12 03:59:39,893 - __main__ - INFO - Weather in Berlin: 6.07
2023-11-12 04:23:27,861 - __main__ - INFO - Token value: 1234
2023-11-12 04:23:28,374 - __main__ - INFO - Weather in Berlin: 6.03
2023-11-12 04:36:42,478 - __main__ - INFO - Token value: 1234
2023-11-12 04:36:43,013 - __main__ - INFO - Weather in Berlin: 6.03
2023-11-12 04:49:49,748 - __main__ - INFO - Token value: 1234
2023-11-12 04:49:50,361 - __main__ - INFO - Weather in Berlin: 6.03
2023-11-12 05:08:20,924 - __main__ - INFO - Token value: 1234
2023-11-12 05:08:21,230 - __main__ - INFO - Weather in Berlin: 6.0
2023-11-12 05:25:50,546 - __main__ - INFO - Token value: 1234
2023-11-12 05:25:51,025 - __main__ - INFO - Weather in Berlin: 6.0
2023-11-12 05:38:42,878 - __main__ - INFO - Token value: 1234
2023-11-12 05:38:43,440 - __main__ - INFO - Weather in Berlin: 6.0
2023-11-12 05:51:56,919 - __main__ - INFO - Token value: 1234
2023-11-12 05:51:57,436 - __main__ - INFO - Weather in Berlin: 6.0
2023-11-12 06:15:11,483 - __main__ - INFO - Token value: 1234
2023-11-12 06:15:12,012 - __main__ - INFO - Weather in Berlin: 5.91
2023-11-12 06:30:02,827 - __main__ - INFO - Token value: 1234
2023-11-12 06:30:03,445 - __main__ - INFO - Weather in Berlin: 5.91
2023-11-12 06:43:04,418 - __main__ - INFO - Token value: 1234
2023-11-12 06:43:05,051 - __main__ - INFO - Weather in Berlin: 5.91
2023-11-12 06:56:20,019 - __main__ - INFO - Token value: 1234
2023-11-12 06:56:20,437 - __main__ - INFO - Weather in Berlin: 5.91
2023-11-12 07:17:46,503 - __main__ - INFO - Token value: 1234
2023-11-12 07:17:47,136 - __main__ - INFO - Weather in Berlin: 5.89
2023-11-12 07:31:08,512 - __main__ - INFO - Token value: 1234
2023-11-12 07:31:09,266 - __main__ - INFO - Weather in Berlin: 5.89
2023-11-12 07:44:24,658 - __main__ - INFO - Token value: 1234
2023-11-12 07:44:24,860 - __main__ - INFO - Weather in Berlin: 5.89
2023-11-12 07:57:45,165 - __main__ - INFO - Token value: 1234
2023-11-12 07:57:45,332 - __main__ - INFO - Weather in Berlin: 5.89
2023-11-12 08:21:45,773 - __main__ - INFO - Token value: 1234
2023-11-12 08:21:46,594 - __main__ - INFO - Weather in Berlin: 6.36
2023-11-12 08:35:17,505 - __main__ - INFO - Token value: 1234
2023-11-12 08:35:17,866 - __main__ - INFO - Weather in Berlin: 6.36
2023-11-12 08:48:21,956 - __main__ - INFO - Token value: 1234
2023-11-12 08:48:22,544 - __main__ - INFO - Weather in Berlin: 6.36
2023-11-12 09:04:34,959 - __main__ - INFO - Token value: 1234
2023-11-12 09:04:35,144 - __main__ - INFO - Weather in Berlin: 6.39
2023-11-12 09:19:51,724 - __main__ - INFO - Token value: 1234
2023-11-12 09:19:51,910 - __main__ - INFO - Weather in Berlin: 7.06
2023-11-12 09:33:11,851 - __main__ - INFO - Token value: 1234
2023-11-12 09:33:12,331 - __main__ - INFO - Weather in Berlin: 7.06
2023-11-12 09:46:31,401 - __main__ - INFO - Token value: 1234
2023-11-12 09:46:32,019 - __main__ - INFO - Weather in Berlin: 7.06
2023-11-12 09:59:31,659 - __main__ - INFO - Token value: 1234
2023-11-12 09:59:32,124 - __main__ - INFO - Weather in Berlin: 7.06
2023-11-12 10:22:23,159 - __main__ - INFO - Token value: 1234
2023-11-12 10:22:23,470 - __main__ - INFO - Weather in Berlin: 7.47
2023-11-12 10:35:15,568 - __main__ - INFO - Token value: 1234
2023-11-12 10:35:15,861 - __main__ - INFO - Weather in Berlin: 7.47
2023-11-12 10:48:20,130 - __main__ - INFO - Token value: 1234
2023-11-12 10:48:20,272 - __main__ - INFO - Weather in Berlin: 7.47
2023-11-12 11:03:56,494 - __main__ - INFO - Token value: 1234
2023-11-12 11:03:56,602 - __main__ - INFO - Weather in Berlin: 7.47
2023-11-12 11:17:48,916 - __main__ - INFO - Token value: 1234
2023-11-12 11:17:49,414 - __main__ - INFO - Weather in Berlin: 7.56
2023-11-12 11:31:08,163 - __main__ - INFO - Token value: 1234
2023-11-12 11:31:08,633 - __main__ - INFO - Weather in Berlin: 7.56
2023-11-12 11:44:03,655 - __main__ - INFO - Token value: 1234
2023-11-12 11:44:04,173 - __main__ - INFO - Weather in Berlin: 7.66
